[0.454s] DEBUG:colcon:Command line arguments: ['/usr/bin/colcon', 'build']
[0.455s] DEBUG:colcon:Parsed command line arguments: Namespace(log_base=None, log_level=None, verb_name='build', build_base='build', install_base='install', merge_install=False, symlink_install=False, test_result_base=None, continue_on_error=False, executor='parallel', parallel_workers=8, event_handlers=None, ignore_user_meta=False, metas=['./colcon.meta'], base_paths=['.'], packages_ignore=None, packages_ignore_regex=None, paths=None, packages_up_to=None, packages_up_to_regex=None, packages_above=None, packages_above_and_dependencies=None, packages_above_depth=None, packages_select_by_dep=None, packages_skip_by_dep=None, packages_skip_up_to=None, packages_select_build_failed=False, packages_skip_build_finished=False, packages_select_test_failures=False, packages_skip_test_passed=False, packages_select=None, packages_skip=None, packages_select_regex=None, packages_skip_regex=None, packages_start=None, packages_end=None, allow_overriding=[], cmake_args=None, cmake_target=None, cmake_target_skip_unavailable=False, cmake_clean_cache=False, cmake_clean_first=False, cmake_force_configure=False, ament_cmake_args=None, catkin_cmake_args=None, catkin_skip_building_tests=False, mixin_files=None, mixin=None, verb_parser=<colcon_mixin.mixin.mixin_argument.MixinArgumentDecorator object at 0x763988a7f4a0>, verb_extension=<colcon_core.verb.build.BuildVerb object at 0x763988a7f200>, main=<bound method BuildVerb.main of <colcon_core.verb.build.BuildVerb object at 0x763988a7f200>>, mixin_verb=('build',))
[0.691s] Level 1:colcon.colcon_core.package_discovery:discover_packages(colcon_meta) check parameters
[0.691s] Level 1:colcon.colcon_core.package_discovery:discover_packages(recursive) check parameters
[0.691s] Level 1:colcon.colcon_core.package_discovery:discover_packages(ignore) check parameters
[0.691s] Level 1:colcon.colcon_core.package_discovery:discover_packages(path) check parameters
[0.691s] Level 1:colcon.colcon_core.package_discovery:discover_packages(colcon_meta) discover
[0.691s] Level 1:colcon.colcon_core.package_discovery:discover_packages(recursive) discover
[0.691s] INFO:colcon.colcon_core.package_discovery:Crawling recursively for packages in '/home/rob/ros2_prarob'
[0.691s] Level 1:colcon.colcon_core.package_identification:_identify(.) by extensions ['ignore', 'ignore_ament_install']
[0.692s] Level 1:colcon.colcon_core.package_identification:_identify(.) by extension 'ignore'
[0.692s] Level 1:colcon.colcon_core.package_identification:_identify(.) by extension 'ignore_ament_install'
[0.692s] Level 1:colcon.colcon_core.package_identification:_identify(.) by extensions ['colcon_pkg']
[0.692s] Level 1:colcon.colcon_core.package_identification:_identify(.) by extension 'colcon_pkg'
[0.692s] Level 1:colcon.colcon_core.package_identification:_identify(.) by extensions ['colcon_meta']
[0.692s] Level 1:colcon.colcon_core.package_identification:_identify(.) by extension 'colcon_meta'
[0.692s] Level 1:colcon.colcon_core.package_identification:_identify(.) by extensions ['ros']
[0.692s] Level 1:colcon.colcon_core.package_identification:_identify(.) by extension 'ros'
[0.764s] DEBUG:colcon.colcon_core.package_identification:Package '.' with type 'ros.ament_cmake' and name 'ros2_prarob'
[0.764s] Level 1:colcon.colcon_core.package_discovery:discover_packages(recursive) using defaults
[0.764s] Level 1:colcon.colcon_core.package_discovery:discover_packages(ignore) discover
[0.764s] Level 1:colcon.colcon_core.package_discovery:discover_packages(ignore) using defaults
[0.764s] Level 1:colcon.colcon_core.package_discovery:discover_packages(path) discover
[0.764s] Level 1:colcon.colcon_core.package_discovery:discover_packages(path) using defaults
[0.873s] Level 1:colcon.colcon_core.package_discovery:discover_packages(prefix_path) check parameters
[0.873s] Level 1:colcon.colcon_core.package_discovery:discover_packages(prefix_path) discover
[0.883s] DEBUG:colcon.colcon_installed_package_information.package_discovery:Found 1 installed packages in /home/rob/ros2_ws/src/install
[0.884s] DEBUG:colcon.colcon_installed_package_information.package_discovery:Found 1 installed packages in /home/rob/ros2_prarob/install
[0.884s] DEBUG:colcon.colcon_installed_package_information.package_discovery:Found 3 installed packages in /home/rob/ros/jazzy/install
[0.885s] DEBUG:colcon.colcon_installed_package_information.package_discovery:Found 4 installed packages in /home/rob/dynamixel_ws/install
[0.887s] DEBUG:colcon.colcon_installed_package_information.package_discovery:Found 254 installed packages in /opt/ros/jazzy
[0.889s] Level 1:colcon.colcon_core.package_discovery:discover_packages(prefix_path) using defaults
[1.113s] Level 5:colcon.colcon_core.verb:set package 'ros2_prarob' build argument 'cmake_args' from command line to 'None'
[1.113s] Level 5:colcon.colcon_core.verb:set package 'ros2_prarob' build argument 'cmake_target' from command line to 'None'
[1.113s] Level 5:colcon.colcon_core.verb:set package 'ros2_prarob' build argument 'cmake_target_skip_unavailable' from command line to 'False'
[1.113s] Level 5:colcon.colcon_core.verb:set package 'ros2_prarob' build argument 'cmake_clean_cache' from command line to 'False'
[1.113s] Level 5:colcon.colcon_core.verb:set package 'ros2_prarob' build argument 'cmake_clean_first' from command line to 'False'
[1.113s] Level 5:colcon.colcon_core.verb:set package 'ros2_prarob' build argument 'cmake_force_configure' from command line to 'False'
[1.113s] Level 5:colcon.colcon_core.verb:set package 'ros2_prarob' build argument 'ament_cmake_args' from command line to 'None'
[1.113s] Level 5:colcon.colcon_core.verb:set package 'ros2_prarob' build argument 'catkin_cmake_args' from command line to 'None'
[1.113s] Level 5:colcon.colcon_core.verb:set package 'ros2_prarob' build argument 'catkin_skip_building_tests' from command line to 'False'
[1.113s] DEBUG:colcon.colcon_core.verb:Building package 'ros2_prarob' with the following arguments: {'ament_cmake_args': None, 'build_base': '/home/rob/ros2_prarob/build/ros2_prarob', 'catkin_cmake_args': None, 'catkin_skip_building_tests': False, 'cmake_args': None, 'cmake_clean_cache': False, 'cmake_clean_first': False, 'cmake_force_configure': False, 'cmake_target': None, 'cmake_target_skip_unavailable': False, 'install_base': '/home/rob/ros2_prarob/install/ros2_prarob', 'merge_install': False, 'path': '/home/rob/ros2_prarob', 'symlink_install': False, 'test_result_base': None}
[1.114s] INFO:colcon.colcon_core.executor:Executing jobs using 'parallel' executor
[1.115s] DEBUG:colcon.colcon_parallel_executor.executor.parallel:run_until_complete
[1.115s] INFO:colcon.colcon_ros.task.ament_cmake.build:Building ROS package in '/home/rob/ros2_prarob' with build type 'ament_cmake'
[1.115s] INFO:colcon.colcon_cmake.task.cmake.build:Building CMake package in '/home/rob/ros2_prarob'
[1.143s] INFO:colcon.colcon_core.plugin_system:Skipping extension 'colcon_core.shell.bat': Not used on non-Windows systems
[1.144s] INFO:colcon.colcon_core.shell:Skip shell extension 'powershell' for command environment: Not usable outside of PowerShell
[1.144s] DEBUG:colcon.colcon_core.shell:Skip shell extension 'dsv' for command environment
[1.187s] DEBUG:colcon.colcon_core.event_handler.log_command:Invoking command in '/home/rob/ros2_prarob/build/ros2_prarob': /usr/bin/cmake --build /home/rob/ros2_prarob/build/ros2_prarob -- -j8 -l8
[1.450s] DEBUG:colcon.colcon_core.event_handler.log_command:Invoked command in '/home/rob/ros2_prarob/build/ros2_prarob' returned '0': /usr/bin/cmake --build /home/rob/ros2_prarob/build/ros2_prarob -- -j8 -l8
[1.473s] DEBUG:colcon.colcon_core.event_handler.log_command:Invoking command in '/home/rob/ros2_prarob/build/ros2_prarob': /usr/bin/cmake --install /home/rob/ros2_prarob/build/ros2_prarob
[1.512s] Level 1:colcon.colcon_core.environment:create_environment_scripts_only(ros2_prarob)
[1.513s] DEBUG:colcon.colcon_core.event_handler.log_command:Invoked command in '/home/rob/ros2_prarob/build/ros2_prarob' returned '0': /usr/bin/cmake --install /home/rob/ros2_prarob/build/ros2_prarob
[1.523s] Level 1:colcon.colcon_core.environment:checking '/home/rob/ros2_prarob/install/ros2_prarob' for CMake module files
[1.524s] Level 1:colcon.colcon_core.environment:checking '/home/rob/ros2_prarob/install/ros2_prarob' for CMake config files
[1.525s] Level 1:colcon.colcon_core.shell:create_environment_hook('ros2_prarob', 'cmake_prefix_path')
[1.525s] INFO:colcon.colcon_core.shell:Creating environment hook '/home/rob/ros2_prarob/install/ros2_prarob/share/ros2_prarob/hook/cmake_prefix_path.ps1'
[1.533s] INFO:colcon.colcon_core.shell:Creating environment descriptor '/home/rob/ros2_prarob/install/ros2_prarob/share/ros2_prarob/hook/cmake_prefix_path.dsv'
[1.534s] INFO:colcon.colcon_core.shell:Creating environment hook '/home/rob/ros2_prarob/install/ros2_prarob/share/ros2_prarob/hook/cmake_prefix_path.sh'
[1.537s] Level 1:colcon.colcon_core.environment:checking '/home/rob/ros2_prarob/install/ros2_prarob/lib'
[1.538s] Level 1:colcon.colcon_core.environment:checking '/home/rob/ros2_prarob/install/ros2_prarob/bin'
[1.538s] Level 1:colcon.colcon_core.environment:checking '/home/rob/ros2_prarob/install/ros2_prarob/lib/pkgconfig/ros2_prarob.pc'
[1.538s] Level 1:colcon.colcon_core.environment:checking '/home/rob/ros2_prarob/install/ros2_prarob/lib/python3.12/site-packages'
[1.538s] Level 1:colcon.colcon_core.environment:checking '/home/rob/ros2_prarob/install/ros2_prarob/bin'
[1.539s] INFO:colcon.colcon_core.shell:Creating package script '/home/rob/ros2_prarob/install/ros2_prarob/share/ros2_prarob/package.ps1'
[1.541s] INFO:colcon.colcon_core.shell:Creating package descriptor '/home/rob/ros2_prarob/install/ros2_prarob/share/ros2_prarob/package.dsv'
[1.543s] INFO:colcon.colcon_core.shell:Creating package script '/home/rob/ros2_prarob/install/ros2_prarob/share/ros2_prarob/package.sh'
[1.546s] INFO:colcon.colcon_core.shell:Creating package script '/home/rob/ros2_prarob/install/ros2_prarob/share/ros2_prarob/package.bash'
[1.553s] INFO:colcon.colcon_core.shell:Creating package script '/home/rob/ros2_prarob/install/ros2_prarob/share/ros2_prarob/package.zsh'
[1.561s] Level 1:colcon.colcon_core.environment:create_file_with_runtime_dependencies(/home/rob/ros2_prarob/install/ros2_prarob/share/colcon-core/packages/ros2_prarob)
[1.562s] Level 1:colcon.colcon_core.environment:create_environment_scripts_only(ros2_prarob)
[1.563s] Level 1:colcon.colcon_core.environment:checking '/home/rob/ros2_prarob/install/ros2_prarob' for CMake module files
[1.563s] Level 1:colcon.colcon_core.environment:checking '/home/rob/ros2_prarob/install/ros2_prarob' for CMake config files
[1.564s] Level 1:colcon.colcon_core.shell:create_environment_hook('ros2_prarob', 'cmake_prefix_path')
[1.564s] INFO:colcon.colcon_core.shell:Creating environment hook '/home/rob/ros2_prarob/install/ros2_prarob/share/ros2_prarob/hook/cmake_prefix_path.ps1'
[1.565s] INFO:colcon.colcon_core.shell:Creating environment descriptor '/home/rob/ros2_prarob/install/ros2_prarob/share/ros2_prarob/hook/cmake_prefix_path.dsv'
[1.566s] INFO:colcon.colcon_core.shell:Creating environment hook '/home/rob/ros2_prarob/install/ros2_prarob/share/ros2_prarob/hook/cmake_prefix_path.sh'
[1.567s] Level 1:colcon.colcon_core.environment:checking '/home/rob/ros2_prarob/install/ros2_prarob/lib'
[1.567s] Level 1:colcon.colcon_core.environment:checking '/home/rob/ros2_prarob/install/ros2_prarob/bin'
[1.567s] Level 1:colcon.colcon_core.environment:checking '/home/rob/ros2_prarob/install/ros2_prarob/lib/pkgconfig/ros2_prarob.pc'
[1.568s] Level 1:colcon.colcon_core.environment:checking '/home/rob/ros2_prarob/install/ros2_prarob/lib/python3.12/site-packages'
[1.568s] Level 1:colcon.colcon_core.environment:checking '/home/rob/ros2_prarob/install/ros2_prarob/bin'
[1.568s] INFO:colcon.colcon_core.shell:Creating package script '/home/rob/ros2_prarob/install/ros2_prarob/share/ros2_prarob/package.ps1'
[1.569s] INFO:colcon.colcon_core.shell:Creating package descriptor '/home/rob/ros2_prarob/install/ros2_prarob/share/ros2_prarob/package.dsv'
[1.570s] INFO:colcon.colcon_core.shell:Creating package script '/home/rob/ros2_prarob/install/ros2_prarob/share/ros2_prarob/package.sh'
[1.571s] INFO:colcon.colcon_core.shell:Creating package script '/home/rob/ros2_prarob/install/ros2_prarob/share/ros2_prarob/package.bash'
[1.572s] INFO:colcon.colcon_core.shell:Creating package script '/home/rob/ros2_prarob/install/ros2_prarob/share/ros2_prarob/package.zsh'
[1.573s] Level 1:colcon.colcon_core.environment:create_file_with_runtime_dependencies(/home/rob/ros2_prarob/install/ros2_prarob/share/colcon-core/packages/ros2_prarob)
[1.573s] DEBUG:colcon.colcon_parallel_executor.executor.parallel:closing loop
[1.575s] DEBUG:colcon.colcon_parallel_executor.executor.parallel:loop closed
[1.575s] DEBUG:colcon.colcon_parallel_executor.executor.parallel:run_until_complete finished with '0'
[1.576s] DEBUG:colcon.colcon_core.event_reactor:joining thread
[1.608s] INFO:colcon.colcon_core.plugin_system:Skipping extension 'colcon_notification.desktop_notification.terminal_notifier': Not used on non-Darwin systems
[1.609s] INFO:colcon.colcon_core.plugin_system:Skipping extension 'colcon_notification.desktop_notification.win32': Not used on non-Windows systems
[1.609s] INFO:colcon.colcon_notification.desktop_notification:Sending desktop notification using 'notify2'
[1.863s] DEBUG:colcon.colcon_core.event_reactor:joined thread
[1.864s] INFO:colcon.colcon_core.shell:Creating prefix script '/home/rob/ros2_prarob/install/local_setup.ps1'
[1.874s] INFO:colcon.colcon_core.shell:Creating prefix util module '/home/rob/ros2_prarob/install/_local_setup_util_ps1.py'
[1.877s] INFO:colcon.colcon_core.shell:Creating prefix chain script '/home/rob/ros2_prarob/install/setup.ps1'
[1.880s] INFO:colcon.colcon_core.shell:Creating prefix script '/home/rob/ros2_prarob/install/local_setup.sh'
[1.882s] INFO:colcon.colcon_core.shell:Creating prefix util module '/home/rob/ros2_prarob/install/_local_setup_util_sh.py'
[1.883s] INFO:colcon.colcon_core.shell:Creating prefix chain script '/home/rob/ros2_prarob/install/setup.sh'
[1.886s] INFO:colcon.colcon_core.shell:Creating prefix script '/home/rob/ros2_prarob/install/local_setup.bash'
[1.894s] INFO:colcon.colcon_core.shell:Creating prefix chain script '/home/rob/ros2_prarob/install/setup.bash'
[1.897s] INFO:colcon.colcon_core.shell:Creating prefix script '/home/rob/ros2_prarob/install/local_setup.zsh'
[1.903s] INFO:colcon.colcon_core.shell:Creating prefix chain script '/home/rob/ros2_prarob/install/setup.zsh'
