[0.186s] DEBUG:colcon:Command line arguments: ['/usr/bin/colcon', 'build']
[0.186s] DEBUG:colcon:Parsed command line arguments: Namespace(log_base=None, log_level=None, verb_name='build', build_base='build', install_base='install', merge_install=False, symlink_install=False, test_result_base=None, continue_on_error=False, executor='parallel', parallel_workers=8, event_handlers=None, ignore_user_meta=False, metas=['./colcon.meta'], base_paths=['.'], packages_ignore=None, packages_ignore_regex=None, paths=None, packages_up_to=None, packages_up_to_regex=None, packages_above=None, packages_above_and_dependencies=None, packages_above_depth=None, packages_select_by_dep=None, packages_skip_by_dep=None, packages_skip_up_to=None, packages_select_build_failed=False, packages_skip_build_finished=False, packages_select_test_failures=False, packages_skip_test_passed=False, packages_select=None, packages_skip=None, packages_select_regex=None, packages_skip_regex=None, packages_start=None, packages_end=None, allow_overriding=[], cmake_args=None, cmake_target=None, cmake_target_skip_unavailable=False, cmake_clean_cache=False, cmake_clean_first=False, cmake_force_configure=False, ament_cmake_args=None, catkin_cmake_args=None, catkin_skip_building_tests=False, mixin_files=None, mixin=None, verb_parser=<colcon_mixin.mixin.mixin_argument.MixinArgumentDecorator object at 0x72a1e707f530>, verb_extension=<colcon_core.verb.build.BuildVerb object at 0x72a1e707f230>, main=<bound method BuildVerb.main of <colcon_core.verb.build.BuildVerb object at 0x72a1e707f230>>, mixin_verb=('build',))
[0.254s] Level 1:colcon.colcon_core.package_discovery:discover_packages(colcon_meta) check parameters
[0.254s] Level 1:colcon.colcon_core.package_discovery:discover_packages(recursive) check parameters
[0.255s] Level 1:colcon.colcon_core.package_discovery:discover_packages(ignore) check parameters
[0.255s] Level 1:colcon.colcon_core.package_discovery:discover_packages(path) check parameters
[0.255s] Level 1:colcon.colcon_core.package_discovery:discover_packages(colcon_meta) discover
[0.255s] Level 1:colcon.colcon_core.package_discovery:discover_packages(recursive) discover
[0.255s] INFO:colcon.colcon_core.package_discovery:Crawling recursively for packages in '/home/rob/ros2_prarob'
[0.255s] Level 1:colcon.colcon_core.package_identification:_identify(.) by extensions ['ignore', 'ignore_ament_install']
[0.255s] Level 1:colcon.colcon_core.package_identification:_identify(.) by extension 'ignore'
[0.255s] Level 1:colcon.colcon_core.package_identification:_identify(.) by extension 'ignore_ament_install'
[0.255s] Level 1:colcon.colcon_core.package_identification:_identify(.) by extensions ['colcon_pkg']
[0.256s] Level 1:colcon.colcon_core.package_identification:_identify(.) by extension 'colcon_pkg'
[0.256s] Level 1:colcon.colcon_core.package_identification:_identify(.) by extensions ['colcon_meta']
[0.256s] Level 1:colcon.colcon_core.package_identification:_identify(.) by extension 'colcon_meta'
[0.256s] Level 1:colcon.colcon_core.package_identification:_identify(.) by extensions ['ros']
[0.256s] Level 1:colcon.colcon_core.package_identification:_identify(.) by extension 'ros'
[0.305s] DEBUG:colcon.colcon_core.package_identification:Package '.' with type 'ros.ament_cmake' and name 'ros2_prarob'
[0.305s] Level 1:colcon.colcon_core.package_discovery:discover_packages(recursive) using defaults
[0.305s] Level 1:colcon.colcon_core.package_discovery:discover_packages(ignore) discover
[0.305s] Level 1:colcon.colcon_core.package_discovery:discover_packages(ignore) using defaults
[0.305s] Level 1:colcon.colcon_core.package_discovery:discover_packages(path) discover
[0.306s] Level 1:colcon.colcon_core.package_discovery:discover_packages(path) using defaults
[0.334s] Level 1:colcon.colcon_core.package_discovery:discover_packages(prefix_path) check parameters
[0.335s] Level 1:colcon.colcon_core.package_discovery:discover_packages(prefix_path) discover
[0.338s] DEBUG:colcon.colcon_installed_package_information.package_discovery:Found 1 installed packages in /home/rob/ros2_ws/src/install
[0.339s] DEBUG:colcon.colcon_installed_package_information.package_discovery:Found 1 installed packages in /home/rob/ros2_prarob/install
[0.340s] DEBUG:colcon.colcon_installed_package_information.package_discovery:Found 3 installed packages in /home/rob/ros/jazzy/install
[0.340s] DEBUG:colcon.colcon_installed_package_information.package_discovery:Found 4 installed packages in /home/rob/dynamixel_ws/install
[0.343s] DEBUG:colcon.colcon_installed_package_information.package_discovery:Found 254 installed packages in /opt/ros/jazzy
[0.344s] Level 1:colcon.colcon_core.package_discovery:discover_packages(prefix_path) using defaults
[0.403s] Level 5:colcon.colcon_core.verb:set package 'ros2_prarob' build argument 'cmake_args' from command line to 'None'
[0.403s] Level 5:colcon.colcon_core.verb:set package 'ros2_prarob' build argument 'cmake_target' from command line to 'None'
[0.403s] Level 5:colcon.colcon_core.verb:set package 'ros2_prarob' build argument 'cmake_target_skip_unavailable' from command line to 'False'
[0.403s] Level 5:colcon.colcon_core.verb:set package 'ros2_prarob' build argument 'cmake_clean_cache' from command line to 'False'
[0.403s] Level 5:colcon.colcon_core.verb:set package 'ros2_prarob' build argument 'cmake_clean_first' from command line to 'False'
[0.403s] Level 5:colcon.colcon_core.verb:set package 'ros2_prarob' build argument 'cmake_force_configure' from command line to 'False'
[0.403s] Level 5:colcon.colcon_core.verb:set package 'ros2_prarob' build argument 'ament_cmake_args' from command line to 'None'
[0.403s] Level 5:colcon.colcon_core.verb:set package 'ros2_prarob' build argument 'catkin_cmake_args' from command line to 'None'
[0.403s] Level 5:colcon.colcon_core.verb:set package 'ros2_prarob' build argument 'catkin_skip_building_tests' from command line to 'False'
[0.403s] DEBUG:colcon.colcon_core.verb:Building package 'ros2_prarob' with the following arguments: {'ament_cmake_args': None, 'build_base': '/home/rob/ros2_prarob/build/ros2_prarob', 'catkin_cmake_args': None, 'catkin_skip_building_tests': False, 'cmake_args': None, 'cmake_clean_cache': False, 'cmake_clean_first': False, 'cmake_force_configure': False, 'cmake_target': None, 'cmake_target_skip_unavailable': False, 'install_base': '/home/rob/ros2_prarob/install/ros2_prarob', 'merge_install': False, 'path': '/home/rob/ros2_prarob', 'symlink_install': False, 'test_result_base': None}
[0.404s] INFO:colcon.colcon_core.executor:Executing jobs using 'parallel' executor
[0.405s] DEBUG:colcon.colcon_parallel_executor.executor.parallel:run_until_complete
[0.405s] INFO:colcon.colcon_ros.task.ament_cmake.build:Building ROS package in '/home/rob/ros2_prarob' with build type 'ament_cmake'
[0.406s] INFO:colcon.colcon_cmake.task.cmake.build:Building CMake package in '/home/rob/ros2_prarob'
[0.410s] INFO:colcon.colcon_core.plugin_system:Skipping extension 'colcon_core.shell.bat': Not used on non-Windows systems
[0.410s] INFO:colcon.colcon_core.shell:Skip shell extension 'powershell' for command environment: Not usable outside of PowerShell
[0.410s] DEBUG:colcon.colcon_core.shell:Skip shell extension 'dsv' for command environment
[0.435s] DEBUG:colcon.colcon_core.event_handler.log_command:Invoking command in '/home/rob/ros2_prarob/build/ros2_prarob': /usr/bin/cmake --build /home/rob/ros2_prarob/build/ros2_prarob -- -j8 -l8
[0.521s] DEBUG:colcon.colcon_core.event_handler.log_command:Invoked command in '/home/rob/ros2_prarob/build/ros2_prarob' returned '0': /usr/bin/cmake --build /home/rob/ros2_prarob/build/ros2_prarob -- -j8 -l8
[0.545s] DEBUG:colcon.colcon_core.event_handler.log_command:Invoking command in '/home/rob/ros2_prarob/build/ros2_prarob': /usr/bin/cmake --install /home/rob/ros2_prarob/build/ros2_prarob
[0.606s] Level 1:colcon.colcon_core.environment:create_environment_scripts_only(ros2_prarob)
[0.607s] DEBUG:colcon.colcon_core.event_handler.log_command:Invoked command in '/home/rob/ros2_prarob/build/ros2_prarob' returned '0': /usr/bin/cmake --install /home/rob/ros2_prarob/build/ros2_prarob
[0.611s] Level 1:colcon.colcon_core.environment:checking '/home/rob/ros2_prarob/install/ros2_prarob' for CMake module files
[0.613s] Level 1:colcon.colcon_core.environment:checking '/home/rob/ros2_prarob/install/ros2_prarob' for CMake config files
[0.613s] Level 1:colcon.colcon_core.shell:create_environment_hook('ros2_prarob', 'cmake_prefix_path')
[0.614s] INFO:colcon.colcon_core.shell:Creating environment hook '/home/rob/ros2_prarob/install/ros2_prarob/share/ros2_prarob/hook/cmake_prefix_path.ps1'
[0.615s] INFO:colcon.colcon_core.shell:Creating environment descriptor '/home/rob/ros2_prarob/install/ros2_prarob/share/ros2_prarob/hook/cmake_prefix_path.dsv'
[0.617s] INFO:colcon.colcon_core.shell:Creating environment hook '/home/rob/ros2_prarob/install/ros2_prarob/share/ros2_prarob/hook/cmake_prefix_path.sh'
[0.619s] Level 1:colcon.colcon_core.environment:checking '/home/rob/ros2_prarob/install/ros2_prarob/lib'
[0.619s] Level 1:colcon.colcon_core.environment:checking '/home/rob/ros2_prarob/install/ros2_prarob/bin'
[0.619s] Level 1:colcon.colcon_core.environment:checking '/home/rob/ros2_prarob/install/ros2_prarob/lib/pkgconfig/ros2_prarob.pc'
[0.620s] Level 1:colcon.colcon_core.environment:checking '/home/rob/ros2_prarob/install/ros2_prarob/lib/python3.12/site-packages'
[0.621s] Level 1:colcon.colcon_core.environment:checking '/home/rob/ros2_prarob/install/ros2_prarob/bin'
[0.621s] INFO:colcon.colcon_core.shell:Creating package script '/home/rob/ros2_prarob/install/ros2_prarob/share/ros2_prarob/package.ps1'
[0.623s] INFO:colcon.colcon_core.shell:Creating package descriptor '/home/rob/ros2_prarob/install/ros2_prarob/share/ros2_prarob/package.dsv'
[0.624s] INFO:colcon.colcon_core.shell:Creating package script '/home/rob/ros2_prarob/install/ros2_prarob/share/ros2_prarob/package.sh'
[0.626s] INFO:colcon.colcon_core.shell:Creating package script '/home/rob/ros2_prarob/install/ros2_prarob/share/ros2_prarob/package.bash'
[0.627s] INFO:colcon.colcon_core.shell:Creating package script '/home/rob/ros2_prarob/install/ros2_prarob/share/ros2_prarob/package.zsh'
[0.629s] Level 1:colcon.colcon_core.environment:create_file_with_runtime_dependencies(/home/rob/ros2_prarob/install/ros2_prarob/share/colcon-core/packages/ros2_prarob)
[0.631s] Level 1:colcon.colcon_core.environment:create_environment_scripts_only(ros2_prarob)
[0.631s] Level 1:colcon.colcon_core.environment:checking '/home/rob/ros2_prarob/install/ros2_prarob' for CMake module files
[0.632s] Level 1:colcon.colcon_core.environment:checking '/home/rob/ros2_prarob/install/ros2_prarob' for CMake config files
[0.633s] Level 1:colcon.colcon_core.shell:create_environment_hook('ros2_prarob', 'cmake_prefix_path')
[0.633s] INFO:colcon.colcon_core.shell:Creating environment hook '/home/rob/ros2_prarob/install/ros2_prarob/share/ros2_prarob/hook/cmake_prefix_path.ps1'
[0.634s] INFO:colcon.colcon_core.shell:Creating environment descriptor '/home/rob/ros2_prarob/install/ros2_prarob/share/ros2_prarob/hook/cmake_prefix_path.dsv'
[0.635s] INFO:colcon.colcon_core.shell:Creating environment hook '/home/rob/ros2_prarob/install/ros2_prarob/share/ros2_prarob/hook/cmake_prefix_path.sh'
[0.636s] Level 1:colcon.colcon_core.environment:checking '/home/rob/ros2_prarob/install/ros2_prarob/lib'
[0.637s] Level 1:colcon.colcon_core.environment:checking '/home/rob/ros2_prarob/install/ros2_prarob/bin'
[0.637s] Level 1:colcon.colcon_core.environment:checking '/home/rob/ros2_prarob/install/ros2_prarob/lib/pkgconfig/ros2_prarob.pc'
[0.637s] Level 1:colcon.colcon_core.environment:checking '/home/rob/ros2_prarob/install/ros2_prarob/lib/python3.12/site-packages'
[0.638s] Level 1:colcon.colcon_core.environment:checking '/home/rob/ros2_prarob/install/ros2_prarob/bin'
[0.638s] INFO:colcon.colcon_core.shell:Creating package script '/home/rob/ros2_prarob/install/ros2_prarob/share/ros2_prarob/package.ps1'
[0.639s] INFO:colcon.colcon_core.shell:Creating package descriptor '/home/rob/ros2_prarob/install/ros2_prarob/share/ros2_prarob/package.dsv'
[0.640s] INFO:colcon.colcon_core.shell:Creating package script '/home/rob/ros2_prarob/install/ros2_prarob/share/ros2_prarob/package.sh'
[0.641s] INFO:colcon.colcon_core.shell:Creating package script '/home/rob/ros2_prarob/install/ros2_prarob/share/ros2_prarob/package.bash'
[0.642s] INFO:colcon.colcon_core.shell:Creating package script '/home/rob/ros2_prarob/install/ros2_prarob/share/ros2_prarob/package.zsh'
[0.642s] Level 1:colcon.colcon_core.environment:create_file_with_runtime_dependencies(/home/rob/ros2_prarob/install/ros2_prarob/share/colcon-core/packages/ros2_prarob)
[0.643s] DEBUG:colcon.colcon_parallel_executor.executor.parallel:closing loop
[0.644s] DEBUG:colcon.colcon_parallel_executor.executor.parallel:loop closed
[0.644s] DEBUG:colcon.colcon_parallel_executor.executor.parallel:run_until_complete finished with '0'
[0.646s] DEBUG:colcon.colcon_core.event_reactor:joining thread
[0.655s] INFO:colcon.colcon_core.plugin_system:Skipping extension 'colcon_notification.desktop_notification.terminal_notifier': Not used on non-Darwin systems
[0.655s] INFO:colcon.colcon_core.plugin_system:Skipping extension 'colcon_notification.desktop_notification.win32': Not used on non-Windows systems
[0.656s] INFO:colcon.colcon_notification.desktop_notification:Sending desktop notification using 'notify2'
[0.723s] DEBUG:colcon.colcon_core.event_reactor:joined thread
[0.724s] INFO:colcon.colcon_core.shell:Creating prefix script '/home/rob/ros2_prarob/install/local_setup.ps1'
[0.725s] INFO:colcon.colcon_core.shell:Creating prefix util module '/home/rob/ros2_prarob/install/_local_setup_util_ps1.py'
[0.727s] INFO:colcon.colcon_core.shell:Creating prefix chain script '/home/rob/ros2_prarob/install/setup.ps1'
[0.730s] INFO:colcon.colcon_core.shell:Creating prefix script '/home/rob/ros2_prarob/install/local_setup.sh'
[0.732s] INFO:colcon.colcon_core.shell:Creating prefix util module '/home/rob/ros2_prarob/install/_local_setup_util_sh.py'
[0.734s] INFO:colcon.colcon_core.shell:Creating prefix chain script '/home/rob/ros2_prarob/install/setup.sh'
[0.738s] INFO:colcon.colcon_core.shell:Creating prefix script '/home/rob/ros2_prarob/install/local_setup.bash'
[0.740s] INFO:colcon.colcon_core.shell:Creating prefix chain script '/home/rob/ros2_prarob/install/setup.bash'
[0.743s] INFO:colcon.colcon_core.shell:Creating prefix script '/home/rob/ros2_prarob/install/local_setup.zsh'
[0.744s] INFO:colcon.colcon_core.shell:Creating prefix chain script '/home/rob/ros2_prarob/install/setup.zsh'
