[0.328s] DEBUG:colcon:Command line arguments: ['/usr/bin/colcon', 'build']
[0.328s] DEBUG:colcon:Parsed command line arguments: Namespace(log_base=None, log_level=None, verb_name='build', build_base='build', install_base='install', merge_install=False, symlink_install=False, test_result_base=None, continue_on_error=False, executor='parallel', parallel_workers=8, event_handlers=None, ignore_user_meta=False, metas=['./colcon.meta'], base_paths=['.'], packages_ignore=None, packages_ignore_regex=None, paths=None, packages_up_to=None, packages_up_to_regex=None, packages_above=None, packages_above_and_dependencies=None, packages_above_depth=None, packages_select_by_dep=None, packages_skip_by_dep=None, packages_skip_up_to=None, packages_select_build_failed=False, packages_skip_build_finished=False, packages_select_test_failures=False, packages_skip_test_passed=False, packages_select=None, packages_skip=None, packages_select_regex=None, packages_skip_regex=None, packages_start=None, packages_end=None, allow_overriding=[], cmake_args=None, cmake_target=None, cmake_target_skip_unavailable=False, cmake_clean_cache=False, cmake_clean_first=False, cmake_force_configure=False, ament_cmake_args=None, catkin_cmake_args=None, catkin_skip_building_tests=False, mixin_files=None, mixin=None, verb_parser=<colcon_mixin.mixin.mixin_argument.MixinArgumentDecorator object at 0x78980b563050>, verb_extension=<colcon_core.verb.build.BuildVerb object at 0x78980b562d80>, main=<bound method BuildVerb.main of <colcon_core.verb.build.BuildVerb object at 0x78980b562d80>>, mixin_verb=('build',))
[0.446s] Level 1:colcon.colcon_core.package_discovery:discover_packages(colcon_meta) check parameters
[0.446s] Level 1:colcon.colcon_core.package_discovery:discover_packages(recursive) check parameters
[0.446s] Level 1:colcon.colcon_core.package_discovery:discover_packages(ignore) check parameters
[0.446s] Level 1:colcon.colcon_core.package_discovery:discover_packages(path) check parameters
[0.446s] Level 1:colcon.colcon_core.package_discovery:discover_packages(colcon_meta) discover
[0.446s] Level 1:colcon.colcon_core.package_discovery:discover_packages(recursive) discover
[0.447s] INFO:colcon.colcon_core.package_discovery:Crawling recursively for packages in '/home/rob/ros2_prarob'
[0.447s] Level 1:colcon.colcon_core.package_identification:_identify(.) by extensions ['ignore', 'ignore_ament_install']
[0.447s] Level 1:colcon.colcon_core.package_identification:_identify(.) by extension 'ignore'
[0.447s] Level 1:colcon.colcon_core.package_identification:_identify(.) by extension 'ignore_ament_install'
[0.447s] Level 1:colcon.colcon_core.package_identification:_identify(.) by extensions ['colcon_pkg']
[0.447s] Level 1:colcon.colcon_core.package_identification:_identify(.) by extension 'colcon_pkg'
[0.447s] Level 1:colcon.colcon_core.package_identification:_identify(.) by extensions ['colcon_meta']
[0.447s] Level 1:colcon.colcon_core.package_identification:_identify(.) by extension 'colcon_meta'
[0.447s] Level 1:colcon.colcon_core.package_identification:_identify(.) by extensions ['ros']
[0.447s] Level 1:colcon.colcon_core.package_identification:_identify(.) by extension 'ros'
[0.508s] DEBUG:colcon.colcon_core.package_identification:Package '.' with type 'ros.ament_cmake' and name 'ros2_prarob'
[0.508s] Level 1:colcon.colcon_core.package_discovery:discover_packages(recursive) using defaults
[0.508s] Level 1:colcon.colcon_core.package_discovery:discover_packages(ignore) discover
[0.508s] Level 1:colcon.colcon_core.package_discovery:discover_packages(ignore) using defaults
[0.508s] Level 1:colcon.colcon_core.package_discovery:discover_packages(path) discover
[0.508s] Level 1:colcon.colcon_core.package_discovery:discover_packages(path) using defaults
[0.554s] Level 1:colcon.colcon_core.package_discovery:discover_packages(prefix_path) check parameters
[0.554s] Level 1:colcon.colcon_core.package_discovery:discover_packages(prefix_path) discover
[0.562s] DEBUG:colcon.colcon_installed_package_information.package_discovery:Found 3 installed packages in /home/rob/ros/jazzy/install
[0.563s] DEBUG:colcon.colcon_installed_package_information.package_discovery:Found 4 installed packages in /home/rob/dynamixel_ws/install
[0.566s] DEBUG:colcon.colcon_installed_package_information.package_discovery:Found 252 installed packages in /opt/ros/jazzy
[0.567s] Level 1:colcon.colcon_core.package_discovery:discover_packages(prefix_path) using defaults
[0.635s] Level 5:colcon.colcon_core.verb:set package 'ros2_prarob' build argument 'cmake_args' from command line to 'None'
[0.635s] Level 5:colcon.colcon_core.verb:set package 'ros2_prarob' build argument 'cmake_target' from command line to 'None'
[0.635s] Level 5:colcon.colcon_core.verb:set package 'ros2_prarob' build argument 'cmake_target_skip_unavailable' from command line to 'False'
[0.635s] Level 5:colcon.colcon_core.verb:set package 'ros2_prarob' build argument 'cmake_clean_cache' from command line to 'False'
[0.635s] Level 5:colcon.colcon_core.verb:set package 'ros2_prarob' build argument 'cmake_clean_first' from command line to 'False'
[0.635s] Level 5:colcon.colcon_core.verb:set package 'ros2_prarob' build argument 'cmake_force_configure' from command line to 'False'
[0.635s] Level 5:colcon.colcon_core.verb:set package 'ros2_prarob' build argument 'ament_cmake_args' from command line to 'None'
[0.635s] Level 5:colcon.colcon_core.verb:set package 'ros2_prarob' build argument 'catkin_cmake_args' from command line to 'None'
[0.635s] Level 5:colcon.colcon_core.verb:set package 'ros2_prarob' build argument 'catkin_skip_building_tests' from command line to 'False'
[0.635s] DEBUG:colcon.colcon_core.verb:Building package 'ros2_prarob' with the following arguments: {'ament_cmake_args': None, 'build_base': '/home/rob/ros2_prarob/build/ros2_prarob', 'catkin_cmake_args': None, 'catkin_skip_building_tests': False, 'cmake_args': None, 'cmake_clean_cache': False, 'cmake_clean_first': False, 'cmake_force_configure': False, 'cmake_target': None, 'cmake_target_skip_unavailable': False, 'install_base': '/home/rob/ros2_prarob/install/ros2_prarob', 'merge_install': False, 'path': '/home/rob/ros2_prarob', 'symlink_install': False, 'test_result_base': None}
[0.635s] INFO:colcon.colcon_core.executor:Executing jobs using 'parallel' executor
[0.637s] DEBUG:colcon.colcon_parallel_executor.executor.parallel:run_until_complete
[0.637s] INFO:colcon.colcon_ros.task.ament_cmake.build:Building ROS package in '/home/rob/ros2_prarob' with build type 'ament_cmake'
[0.638s] INFO:colcon.colcon_cmake.task.cmake.build:Building CMake package in '/home/rob/ros2_prarob'
[0.648s] INFO:colcon.colcon_core.plugin_system:Skipping extension 'colcon_core.shell.bat': Not used on non-Windows systems
[0.648s] INFO:colcon.colcon_core.shell:Skip shell extension 'powershell' for command environment: Not usable outside of PowerShell
[0.648s] DEBUG:colcon.colcon_core.shell:Skip shell extension 'dsv' for command environment
[0.701s] DEBUG:colcon.colcon_core.event_handler.log_command:Invoking command in '/home/rob/ros2_prarob/build/ros2_prarob': CMAKE_PREFIX_PATH=${CMAKE_PREFIX_PATH}:/opt/ros/jazzy DEBUGINFOD_URLS=https://debuginfod.ubuntu.com /usr/bin/cmake /home/rob/ros2_prarob -DCMAKE_INSTALL_PREFIX=/home/rob/ros2_prarob/install/ros2_prarob
[4.718s] DEBUG:colcon.colcon_core.event_handler.log_command:Invoked command in '/home/rob/ros2_prarob/build/ros2_prarob' returned '0': CMAKE_PREFIX_PATH=${CMAKE_PREFIX_PATH}:/opt/ros/jazzy DEBUGINFOD_URLS=https://debuginfod.ubuntu.com /usr/bin/cmake /home/rob/ros2_prarob -DCMAKE_INSTALL_PREFIX=/home/rob/ros2_prarob/install/ros2_prarob
[4.722s] DEBUG:colcon.colcon_core.event_handler.log_command:Invoking command in '/home/rob/ros2_prarob/build/ros2_prarob': CMAKE_PREFIX_PATH=${CMAKE_PREFIX_PATH}:/opt/ros/jazzy DEBUGINFOD_URLS=https://debuginfod.ubuntu.com /usr/bin/cmake --build /home/rob/ros2_prarob/build/ros2_prarob -- -j8 -l8
[4.839s] DEBUG:colcon.colcon_core.event_handler.log_command:Invoked command in '/home/rob/ros2_prarob/build/ros2_prarob' returned '0': CMAKE_PREFIX_PATH=${CMAKE_PREFIX_PATH}:/opt/ros/jazzy DEBUGINFOD_URLS=https://debuginfod.ubuntu.com /usr/bin/cmake --build /home/rob/ros2_prarob/build/ros2_prarob -- -j8 -l8
[4.863s] DEBUG:colcon.colcon_core.event_handler.log_command:Invoking command in '/home/rob/ros2_prarob/build/ros2_prarob': CMAKE_PREFIX_PATH=${CMAKE_PREFIX_PATH}:/opt/ros/jazzy DEBUGINFOD_URLS=https://debuginfod.ubuntu.com /usr/bin/cmake --install /home/rob/ros2_prarob/build/ros2_prarob
[4.995s] Level 1:colcon.colcon_core.environment:create_environment_scripts_only(ros2_prarob)
[4.996s] DEBUG:colcon.colcon_core.event_handler.log_command:Invoked command in '/home/rob/ros2_prarob/build/ros2_prarob' returned '0': CMAKE_PREFIX_PATH=${CMAKE_PREFIX_PATH}:/opt/ros/jazzy DEBUGINFOD_URLS=https://debuginfod.ubuntu.com /usr/bin/cmake --install /home/rob/ros2_prarob/build/ros2_prarob
[5.008s] Level 1:colcon.colcon_core.environment:checking '/home/rob/ros2_prarob/install/ros2_prarob' for CMake module files
[5.010s] Level 1:colcon.colcon_core.environment:checking '/home/rob/ros2_prarob/install/ros2_prarob' for CMake config files
[5.011s] Level 1:colcon.colcon_core.shell:create_environment_hook('ros2_prarob', 'cmake_prefix_path')
[5.011s] INFO:colcon.colcon_core.shell:Creating environment hook '/home/rob/ros2_prarob/install/ros2_prarob/share/ros2_prarob/hook/cmake_prefix_path.ps1'
[5.014s] INFO:colcon.colcon_core.shell:Creating environment descriptor '/home/rob/ros2_prarob/install/ros2_prarob/share/ros2_prarob/hook/cmake_prefix_path.dsv'
[5.023s] INFO:colcon.colcon_core.shell:Creating environment hook '/home/rob/ros2_prarob/install/ros2_prarob/share/ros2_prarob/hook/cmake_prefix_path.sh'
[5.025s] Level 1:colcon.colcon_core.environment:checking '/home/rob/ros2_prarob/install/ros2_prarob/lib'
[5.025s] Level 1:colcon.colcon_core.environment:checking '/home/rob/ros2_prarob/install/ros2_prarob/bin'
[5.025s] Level 1:colcon.colcon_core.environment:checking '/home/rob/ros2_prarob/install/ros2_prarob/lib/pkgconfig/ros2_prarob.pc'
[5.025s] Level 1:colcon.colcon_core.environment:checking '/home/rob/ros2_prarob/install/ros2_prarob/lib/python3.12/site-packages'
[5.026s] Level 1:colcon.colcon_core.environment:checking '/home/rob/ros2_prarob/install/ros2_prarob/bin'
[5.026s] INFO:colcon.colcon_core.shell:Creating package script '/home/rob/ros2_prarob/install/ros2_prarob/share/ros2_prarob/package.ps1'
[5.028s] INFO:colcon.colcon_core.shell:Creating package descriptor '/home/rob/ros2_prarob/install/ros2_prarob/share/ros2_prarob/package.dsv'
[5.030s] INFO:colcon.colcon_core.shell:Creating package script '/home/rob/ros2_prarob/install/ros2_prarob/share/ros2_prarob/package.sh'
[5.031s] INFO:colcon.colcon_core.shell:Creating package script '/home/rob/ros2_prarob/install/ros2_prarob/share/ros2_prarob/package.bash'
[5.032s] INFO:colcon.colcon_core.shell:Creating package script '/home/rob/ros2_prarob/install/ros2_prarob/share/ros2_prarob/package.zsh'
[5.033s] Level 1:colcon.colcon_core.environment:create_file_with_runtime_dependencies(/home/rob/ros2_prarob/install/ros2_prarob/share/colcon-core/packages/ros2_prarob)
[5.034s] Level 1:colcon.colcon_core.environment:create_environment_scripts_only(ros2_prarob)
[5.034s] Level 1:colcon.colcon_core.environment:checking '/home/rob/ros2_prarob/install/ros2_prarob' for CMake module files
[5.035s] Level 1:colcon.colcon_core.environment:checking '/home/rob/ros2_prarob/install/ros2_prarob' for CMake config files
[5.036s] Level 1:colcon.colcon_core.shell:create_environment_hook('ros2_prarob', 'cmake_prefix_path')
[5.036s] INFO:colcon.colcon_core.shell:Creating environment hook '/home/rob/ros2_prarob/install/ros2_prarob/share/ros2_prarob/hook/cmake_prefix_path.ps1'
[5.037s] INFO:colcon.colcon_core.shell:Creating environment descriptor '/home/rob/ros2_prarob/install/ros2_prarob/share/ros2_prarob/hook/cmake_prefix_path.dsv'
[5.038s] INFO:colcon.colcon_core.shell:Creating environment hook '/home/rob/ros2_prarob/install/ros2_prarob/share/ros2_prarob/hook/cmake_prefix_path.sh'
[5.040s] Level 1:colcon.colcon_core.environment:checking '/home/rob/ros2_prarob/install/ros2_prarob/lib'
[5.040s] Level 1:colcon.colcon_core.environment:checking '/home/rob/ros2_prarob/install/ros2_prarob/bin'
[5.040s] Level 1:colcon.colcon_core.environment:checking '/home/rob/ros2_prarob/install/ros2_prarob/lib/pkgconfig/ros2_prarob.pc'
[5.041s] Level 1:colcon.colcon_core.environment:checking '/home/rob/ros2_prarob/install/ros2_prarob/lib/python3.12/site-packages'
[5.041s] Level 1:colcon.colcon_core.environment:checking '/home/rob/ros2_prarob/install/ros2_prarob/bin'
[5.041s] INFO:colcon.colcon_core.shell:Creating package script '/home/rob/ros2_prarob/install/ros2_prarob/share/ros2_prarob/package.ps1'
[5.043s] INFO:colcon.colcon_core.shell:Creating package descriptor '/home/rob/ros2_prarob/install/ros2_prarob/share/ros2_prarob/package.dsv'
[5.044s] INFO:colcon.colcon_core.shell:Creating package script '/home/rob/ros2_prarob/install/ros2_prarob/share/ros2_prarob/package.sh'
[5.045s] INFO:colcon.colcon_core.shell:Creating package script '/home/rob/ros2_prarob/install/ros2_prarob/share/ros2_prarob/package.bash'
[5.045s] INFO:colcon.colcon_core.shell:Creating package script '/home/rob/ros2_prarob/install/ros2_prarob/share/ros2_prarob/package.zsh'
[5.046s] Level 1:colcon.colcon_core.environment:create_file_with_runtime_dependencies(/home/rob/ros2_prarob/install/ros2_prarob/share/colcon-core/packages/ros2_prarob)
[5.047s] DEBUG:colcon.colcon_parallel_executor.executor.parallel:closing loop
[5.049s] DEBUG:colcon.colcon_parallel_executor.executor.parallel:loop closed
[5.049s] DEBUG:colcon.colcon_parallel_executor.executor.parallel:run_until_complete finished with '0'
[5.049s] DEBUG:colcon.colcon_core.event_reactor:joining thread
[5.108s] INFO:colcon.colcon_core.plugin_system:Skipping extension 'colcon_notification.desktop_notification.terminal_notifier': Not used on non-Darwin systems
[5.108s] INFO:colcon.colcon_core.plugin_system:Skipping extension 'colcon_notification.desktop_notification.win32': Not used on non-Windows systems
[5.108s] INFO:colcon.colcon_notification.desktop_notification:Sending desktop notification using 'notify2'
[5.632s] DEBUG:colcon.colcon_core.event_reactor:joined thread
[5.632s] INFO:colcon.colcon_core.shell:Creating prefix script '/home/rob/ros2_prarob/install/local_setup.ps1'
[5.634s] INFO:colcon.colcon_core.shell:Creating prefix util module '/home/rob/ros2_prarob/install/_local_setup_util_ps1.py'
[5.636s] INFO:colcon.colcon_core.shell:Creating prefix chain script '/home/rob/ros2_prarob/install/setup.ps1'
[5.639s] INFO:colcon.colcon_core.shell:Creating prefix script '/home/rob/ros2_prarob/install/local_setup.sh'
[5.640s] INFO:colcon.colcon_core.shell:Creating prefix util module '/home/rob/ros2_prarob/install/_local_setup_util_sh.py'
[5.642s] INFO:colcon.colcon_core.shell:Creating prefix chain script '/home/rob/ros2_prarob/install/setup.sh'
[5.644s] INFO:colcon.colcon_core.shell:Creating prefix script '/home/rob/ros2_prarob/install/local_setup.bash'
[5.645s] INFO:colcon.colcon_core.shell:Creating prefix chain script '/home/rob/ros2_prarob/install/setup.bash'
[5.648s] INFO:colcon.colcon_core.shell:Creating prefix script '/home/rob/ros2_prarob/install/local_setup.zsh'
[5.649s] INFO:colcon.colcon_core.shell:Creating prefix chain script '/home/rob/ros2_prarob/install/setup.zsh'
