-- Install configuration: ""
-- Up-to-date: /home/rob/ros2_prarob/install/ros2_prarob/share/ros2_prarob/urdf
-- Up-to-date: /home/rob/ros2_prarob/install/ros2_prarob/share/ros2_prarob/urdf/prarob_manipulator.ros2_control.xacro
-- Up-to-date: /home/rob/ros2_prarob/install/ros2_prarob/share/ros2_prarob/urdf/prarob_manipulator.xacro
-- Up-to-date: /home/rob/ros2_prarob/install/ros2_prarob/share/ros2_prarob/urdf/prarob_manipulator.urdf.xacro
-- Up-to-date: /home/rob/ros2_prarob/install/ros2_prarob/share/ros2_prarob/controllers
-- Up-to-date: /home/rob/ros2_prarob/install/ros2_prarob/share/ros2_prarob/controllers/controllers.yaml
-- Up-to-date: /home/rob/ros2_prarob/install/ros2_prarob/share/ros2_prarob/launch
-- Up-to-date: /home/rob/ros2_prarob/install/ros2_prarob/share/ros2_prarob/launch/prarob_manipulator.launch.py
-- Up-to-date: /home/rob/ros2_prarob/install/ros2_prarob/share/ros2_prarob/launch/prarob_manipulator.rviz
-- Up-to-date: /home/rob/ros2_prarob/install/ros2_prarob/share/ros2_prarob/meshes
-- Up-to-date: /home/rob/ros2_prarob/install/ros2_prarob/share/ros2_prarob/meshes/prarob_ruka1_v1.step
-- Up-to-date: /home/rob/ros2_prarob/install/ros2_prarob/share/ros2_prarob/meshes/base.dae
-- Up-to-date: /home/rob/ros2_prarob/install/ros2_prarob/share/ros2_prarob/meshes/end_effector.dae
-- Up-to-date: /home/rob/ros2_prarob/install/ros2_prarob/share/ros2_prarob/meshes/link_90.dae
-- Up-to-date: /home/rob/ros2_prarob/install/ros2_prarob/share/ros2_prarob/meshes/FINAL_SCARA_ARM.dae
-- Up-to-date: /home/rob/ros2_prarob/install/ros2_prarob/share/ros2_prarob/meshes/ruka2_.step
-- Up-to-date: /home/rob/ros2_prarob/install/ros2_prarob/share/ros2_prarob/meshes/XL-430_new.dae
-- Up-to-date: /home/rob/ros2_prarob/install/ros2_prarob/share/ros2_prarob/meshes/postolje_seminar_v1.step
-- Up-to-date: /home/rob/ros2_prarob/install/ros2_prarob/share/ros2_prarob/meshes/link_rr.dae
-- Up-to-date: /home/rob/ros2_prarob/install/ros2_prarob/share/ros2_prarob/meshes/postolje_seminar_v1.stl
-- Up-to-date: /home/rob/ros2_prarob/install/ros2_prarob/lib/ros2_prarob/move_robot.py
-- Up-to-date: /home/rob/ros2_prarob/install/ros2_prarob/share/ament_index/resource_index/package_run_dependencies/ros2_prarob
-- Up-to-date: /home/rob/ros2_prarob/install/ros2_prarob/share/ament_index/resource_index/parent_prefix_path/ros2_prarob
-- Up-to-date: /home/rob/ros2_prarob/install/ros2_prarob/share/ros2_prarob/environment/ament_prefix_path.sh
-- Up-to-date: /home/rob/ros2_prarob/install/ros2_prarob/share/ros2_prarob/environment/ament_prefix_path.dsv
-- Up-to-date: /home/rob/ros2_prarob/install/ros2_prarob/share/ros2_prarob/environment/path.sh
-- Up-to-date: /home/rob/ros2_prarob/install/ros2_prarob/share/ros2_prarob/environment/path.dsv
-- Up-to-date: /home/rob/ros2_prarob/install/ros2_prarob/share/ros2_prarob/local_setup.bash
-- Up-to-date: /home/rob/ros2_prarob/install/ros2_prarob/share/ros2_prarob/local_setup.sh
-- Up-to-date: /home/rob/ros2_prarob/install/ros2_prarob/share/ros2_prarob/local_setup.zsh
-- Up-to-date: /home/rob/ros2_prarob/install/ros2_prarob/share/ros2_prarob/local_setup.dsv
-- Installing: /home/rob/ros2_prarob/install/ros2_prarob/share/ros2_prarob/package.dsv
-- Up-to-date: /home/rob/ros2_prarob/install/ros2_prarob/share/ament_index/resource_index/packages/ros2_prarob
-- Up-to-date: /home/rob/ros2_prarob/install/ros2_prarob/share/ros2_prarob/cmake/ros2_prarobConfig.cmake
-- Up-to-date: /home/rob/ros2_prarob/install/ros2_prarob/share/ros2_prarob/cmake/ros2_prarobConfig-version.cmake
-- Up-to-date: /home/rob/ros2_prarob/install/ros2_prarob/share/ros2_prarob/package.xml
