[0.027s] Invoking command in '/home/rob/ros2_prarob/build/ros2_prarob': /usr/bin/cmake --build /home/rob/ros2_prarob/build/ros2_prarob -- -j8 -l8
[0.114s] Invoked command in '/home/rob/ros2_prarob/build/ros2_prarob' returned '0': /usr/bin/cmake --build /home/rob/ros2_prarob/build/ros2_prarob -- -j8 -l8
[0.137s] Invoking command in '/home/rob/ros2_prarob/build/ros2_prarob': /usr/bin/cmake --install /home/rob/ros2_prarob/build/ros2_prarob
[0.155s] -- Install configuration: ""
[0.156s] -- Up-to-date: /home/rob/ros2_prarob/install/ros2_prarob/share/ros2_prarob/urdf
[0.156s] -- Up-to-date: /home/rob/ros2_prarob/install/ros2_prarob/share/ros2_prarob/urdf/prarob_manipulator.ros2_control.xacro
[0.156s] -- Up-to-date: /home/rob/ros2_prarob/install/ros2_prarob/share/ros2_prarob/urdf/prarob_manipulator.xacro
[0.156s] -- Up-to-date: /home/rob/ros2_prarob/install/ros2_prarob/share/ros2_prarob/urdf/prarob_manipulator.urdf.xacro
[0.156s] -- Up-to-date: /home/rob/ros2_prarob/install/ros2_prarob/share/ros2_prarob/controllers
[0.157s] -- Up-to-date: /home/rob/ros2_prarob/install/ros2_prarob/share/ros2_prarob/controllers/controllers.yaml
[0.157s] -- Up-to-date: /home/rob/ros2_prarob/install/ros2_prarob/share/ros2_prarob/launch
[0.158s] -- Up-to-date: /home/rob/ros2_prarob/install/ros2_prarob/share/ros2_prarob/launch/prarob_manipulator.launch.py
[0.158s] -- Up-to-date: /home/rob/ros2_prarob/install/ros2_prarob/share/ros2_prarob/launch/prarob_manipulator.rviz
[0.158s] -- Up-to-date: /home/rob/ros2_prarob/install/ros2_prarob/share/ros2_prarob/meshes
[0.158s] -- Up-to-date: /home/rob/ros2_prarob/install/ros2_prarob/share/ros2_prarob/meshes/prarob_ruka1_v1.step
[0.158s] -- Up-to-date: /home/rob/ros2_prarob/install/ros2_prarob/share/ros2_prarob/meshes/base.dae
[0.158s] -- Up-to-date: /home/rob/ros2_prarob/install/ros2_prarob/share/ros2_prarob/meshes/end_effector.dae
[0.159s] -- Up-to-date: /home/rob/ros2_prarob/install/ros2_prarob/share/ros2_prarob/meshes/link_90.dae
[0.159s] -- Up-to-date: /home/rob/ros2_prarob/install/ros2_prarob/share/ros2_prarob/meshes/FINAL_SCARA_ARM.dae
[0.159s] -- Up-to-date: /home/rob/ros2_prarob/install/ros2_prarob/share/ros2_prarob/meshes/ruka2_.step
[0.159s] -- Up-to-date: /home/rob/ros2_prarob/install/ros2_prarob/share/ros2_prarob/meshes/XL-430_new.dae
[0.159s] -- Up-to-date: /home/rob/ros2_prarob/install/ros2_prarob/share/ros2_prarob/meshes/postolje_seminar_v1.step
[0.159s] -- Up-to-date: /home/rob/ros2_prarob/install/ros2_prarob/share/ros2_prarob/meshes/link_rr.dae
[0.159s] -- Up-to-date: /home/rob/ros2_prarob/install/ros2_prarob/share/ros2_prarob/meshes/postolje_seminar_v1.stl
[0.159s] -- Up-to-date: /home/rob/ros2_prarob/install/ros2_prarob/lib/ros2_prarob/move_robot.py
[0.160s] -- Up-to-date: /home/rob/ros2_prarob/install/ros2_prarob/share/ament_index/resource_index/package_run_dependencies/ros2_prarob
[0.160s] -- Up-to-date: /home/rob/ros2_prarob/install/ros2_prarob/share/ament_index/resource_index/parent_prefix_path/ros2_prarob
[0.160s] -- Up-to-date: /home/rob/ros2_prarob/install/ros2_prarob/share/ros2_prarob/environment/ament_prefix_path.sh
[0.160s] -- Up-to-date: /home/rob/ros2_prarob/install/ros2_prarob/share/ros2_prarob/environment/ament_prefix_path.dsv
[0.160s] -- Up-to-date: /home/rob/ros2_prarob/install/ros2_prarob/share/ros2_prarob/environment/path.sh
[0.160s] -- Up-to-date: /home/rob/ros2_prarob/install/ros2_prarob/share/ros2_prarob/environment/path.dsv
[0.160s] -- Up-to-date: /home/rob/ros2_prarob/install/ros2_prarob/share/ros2_prarob/local_setup.bash
[0.160s] -- Up-to-date: /home/rob/ros2_prarob/install/ros2_prarob/share/ros2_prarob/local_setup.sh
[0.160s] -- Up-to-date: /home/rob/ros2_prarob/install/ros2_prarob/share/ros2_prarob/local_setup.zsh
[0.161s] -- Up-to-date: /home/rob/ros2_prarob/install/ros2_prarob/share/ros2_prarob/local_setup.dsv
[0.161s] -- Installing: /home/rob/ros2_prarob/install/ros2_prarob/share/ros2_prarob/package.dsv
[0.195s] -- Up-to-date: /home/rob/ros2_prarob/install/ros2_prarob/share/ament_index/resource_index/packages/ros2_prarob
[0.195s] -- Up-to-date: /home/rob/ros2_prarob/install/ros2_prarob/share/ros2_prarob/cmake/ros2_prarobConfig.cmake
[0.196s] -- Up-to-date: /home/rob/ros2_prarob/install/ros2_prarob/share/ros2_prarob/cmake/ros2_prarobConfig-version.cmake
[0.196s] -- Up-to-date: /home/rob/ros2_prarob/install/ros2_prarob/share/ros2_prarob/package.xml
[0.199s] Invoked command in '/home/rob/ros2_prarob/build/ros2_prarob' returned '0': /usr/bin/cmake --install /home/rob/ros2_prarob/build/ros2_prarob
