[1.133s] DEBUG:colcon:Command line arguments: ['/usr/bin/colcon', 'build', '--symlink-install']
[1.133s] DEBUG:colcon:Parsed command line arguments: Namespace(log_base=None, log_level=None, verb_name='build', build_base='build', install_base='install', merge_install=False, symlink_install=True, test_result_base=None, continue_on_error=False, executor='parallel', parallel_workers=8, event_handlers=None, ignore_user_meta=False, metas=['./colcon.meta'], base_paths=['.'], packages_ignore=None, packages_ignore_regex=None, paths=None, packages_up_to=None, packages_up_to_regex=None, packages_above=None, packages_above_and_dependencies=None, packages_above_depth=None, packages_select_by_dep=None, packages_skip_by_dep=None, packages_skip_up_to=None, packages_select_build_failed=False, packages_skip_build_finished=False, packages_select_test_failures=False, packages_skip_test_passed=False, packages_select=None, packages_skip=None, packages_select_regex=None, packages_skip_regex=None, packages_start=None, packages_end=None, allow_overriding=[], cmake_args=None, cmake_target=None, cmake_target_skip_unavailable=False, cmake_clean_cache=False, cmake_clean_first=False, cmake_force_configure=False, ament_cmake_args=None, catkin_cmake_args=None, catkin_skip_building_tests=False, mixin_files=None, mixin=None, verb_parser=<colcon_mixin.mixin.mixin_argument.MixinArgumentDecorator object at 0x73faa5d73050>, verb_extension=<colcon_core.verb.build.BuildVerb object at 0x73faa5d72f00>, main=<bound method BuildVerb.main of <colcon_core.verb.build.BuildVerb object at 0x73faa5d72f00>>, mixin_verb=('build',))
[1.496s] Level 1:colcon.colcon_core.package_discovery:discover_packages(colcon_meta) check parameters
[1.496s] Level 1:colcon.colcon_core.package_discovery:discover_packages(recursive) check parameters
[1.496s] Level 1:colcon.colcon_core.package_discovery:discover_packages(ignore) check parameters
[1.496s] Level 1:colcon.colcon_core.package_discovery:discover_packages(path) check parameters
[1.496s] Level 1:colcon.colcon_core.package_discovery:discover_packages(colcon_meta) discover
[1.497s] Level 1:colcon.colcon_core.package_discovery:discover_packages(recursive) discover
[1.497s] INFO:colcon.colcon_core.package_discovery:Crawling recursively for packages in '/home/rob/ros2_prarob'
[1.497s] Level 1:colcon.colcon_core.package_identification:_identify(.) by extensions ['ignore', 'ignore_ament_install']
[1.497s] Level 1:colcon.colcon_core.package_identification:_identify(.) by extension 'ignore'
[1.497s] Level 1:colcon.colcon_core.package_identification:_identify(.) by extension 'ignore_ament_install'
[1.498s] Level 1:colcon.colcon_core.package_identification:_identify(.) by extensions ['colcon_pkg']
[1.498s] Level 1:colcon.colcon_core.package_identification:_identify(.) by extension 'colcon_pkg'
[1.498s] Level 1:colcon.colcon_core.package_identification:_identify(.) by extensions ['colcon_meta']
[1.498s] Level 1:colcon.colcon_core.package_identification:_identify(.) by extension 'colcon_meta'
[1.498s] Level 1:colcon.colcon_core.package_identification:_identify(.) by extensions ['ros']
[1.498s] Level 1:colcon.colcon_core.package_identification:_identify(.) by extension 'ros'
[1.663s] DEBUG:colcon.colcon_core.package_identification:Package '.' with type 'ros.ament_cmake' and name 'ros2_prarob'
[1.663s] Level 1:colcon.colcon_core.package_discovery:discover_packages(recursive) using defaults
[1.663s] Level 1:colcon.colcon_core.package_discovery:discover_packages(ignore) discover
[1.663s] Level 1:colcon.colcon_core.package_discovery:discover_packages(ignore) using defaults
[1.663s] Level 1:colcon.colcon_core.package_discovery:discover_packages(path) discover
[1.663s] Level 1:colcon.colcon_core.package_discovery:discover_packages(path) using defaults
[1.831s] Level 1:colcon.colcon_core.package_discovery:discover_packages(prefix_path) check parameters
[1.831s] Level 1:colcon.colcon_core.package_discovery:discover_packages(prefix_path) discover
[1.899s] DEBUG:colcon.colcon_installed_package_information.package_discovery:Found 1 installed packages in /home/rob/ros2_ws/src/install
[1.900s] DEBUG:colcon.colcon_installed_package_information.package_discovery:Found 1 installed packages in /home/rob/ros2_prarob/install
[1.934s] DEBUG:colcon.colcon_installed_package_information.package_discovery:Found 3 installed packages in /home/rob/ros/jazzy/install
[1.970s] DEBUG:colcon.colcon_installed_package_information.package_discovery:Found 4 installed packages in /home/rob/dynamixel_ws/install
[1.974s] DEBUG:colcon.colcon_installed_package_information.package_discovery:Found 254 installed packages in /opt/ros/jazzy
[1.975s] Level 1:colcon.colcon_core.package_discovery:discover_packages(prefix_path) using defaults
[2.342s] Level 5:colcon.colcon_core.verb:set package 'ros2_prarob' build argument 'cmake_args' from command line to 'None'
[2.342s] Level 5:colcon.colcon_core.verb:set package 'ros2_prarob' build argument 'cmake_target' from command line to 'None'
[2.342s] Level 5:colcon.colcon_core.verb:set package 'ros2_prarob' build argument 'cmake_target_skip_unavailable' from command line to 'False'
[2.342s] Level 5:colcon.colcon_core.verb:set package 'ros2_prarob' build argument 'cmake_clean_cache' from command line to 'False'
[2.342s] Level 5:colcon.colcon_core.verb:set package 'ros2_prarob' build argument 'cmake_clean_first' from command line to 'False'
[2.342s] Level 5:colcon.colcon_core.verb:set package 'ros2_prarob' build argument 'cmake_force_configure' from command line to 'False'
[2.342s] Level 5:colcon.colcon_core.verb:set package 'ros2_prarob' build argument 'ament_cmake_args' from command line to 'None'
[2.342s] Level 5:colcon.colcon_core.verb:set package 'ros2_prarob' build argument 'catkin_cmake_args' from command line to 'None'
[2.342s] Level 5:colcon.colcon_core.verb:set package 'ros2_prarob' build argument 'catkin_skip_building_tests' from command line to 'False'
[2.342s] DEBUG:colcon.colcon_core.verb:Building package 'ros2_prarob' with the following arguments: {'ament_cmake_args': None, 'build_base': '/home/rob/ros2_prarob/build/ros2_prarob', 'catkin_cmake_args': None, 'catkin_skip_building_tests': False, 'cmake_args': None, 'cmake_clean_cache': False, 'cmake_clean_first': False, 'cmake_force_configure': False, 'cmake_target': None, 'cmake_target_skip_unavailable': False, 'install_base': '/home/rob/ros2_prarob/install/ros2_prarob', 'merge_install': False, 'path': '/home/rob/ros2_prarob', 'symlink_install': True, 'test_result_base': None}
[2.343s] INFO:colcon.colcon_core.executor:Executing jobs using 'parallel' executor
[2.344s] DEBUG:colcon.colcon_parallel_executor.executor.parallel:run_until_complete
[2.345s] INFO:colcon.colcon_ros.task.ament_cmake.build:Building ROS package in '/home/rob/ros2_prarob' with build type 'ament_cmake'
[2.345s] INFO:colcon.colcon_cmake.task.cmake.build:Building CMake package in '/home/rob/ros2_prarob'
[2.378s] INFO:colcon.colcon_core.plugin_system:Skipping extension 'colcon_core.shell.bat': Not used on non-Windows systems
[2.378s] INFO:colcon.colcon_core.shell:Skip shell extension 'powershell' for command environment: Not usable outside of PowerShell
[2.378s] DEBUG:colcon.colcon_core.shell:Skip shell extension 'dsv' for command environment
[2.434s] DEBUG:colcon.colcon_core.event_handler.log_command:Invoking command in '/home/rob/ros2_prarob/build/ros2_prarob': CMAKE_PREFIX_PATH=${CMAKE_PREFIX_PATH}:/home/rob/ros2_ws/src/install/prarob_vision:/opt/ros/jazzy VIRTUAL_ENV_PROMPT=(opencv_venv) /usr/bin/cmake /home/rob/ros2_prarob -DAMENT_CMAKE_SYMLINK_INSTALL=1 -DCMAKE_INSTALL_PREFIX=/home/rob/ros2_prarob/install/ros2_prarob
[8.280s] DEBUG:colcon.colcon_core.event_handler.log_command:Invoked command in '/home/rob/ros2_prarob/build/ros2_prarob' returned '0': CMAKE_PREFIX_PATH=${CMAKE_PREFIX_PATH}:/home/rob/ros2_ws/src/install/prarob_vision:/opt/ros/jazzy VIRTUAL_ENV_PROMPT=(opencv_venv) /usr/bin/cmake /home/rob/ros2_prarob -DAMENT_CMAKE_SYMLINK_INSTALL=1 -DCMAKE_INSTALL_PREFIX=/home/rob/ros2_prarob/install/ros2_prarob
[8.283s] DEBUG:colcon.colcon_core.event_handler.log_command:Invoking command in '/home/rob/ros2_prarob/build/ros2_prarob': CMAKE_PREFIX_PATH=${CMAKE_PREFIX_PATH}:/home/rob/ros2_ws/src/install/prarob_vision:/opt/ros/jazzy VIRTUAL_ENV_PROMPT=(opencv_venv) /usr/bin/cmake --build /home/rob/ros2_prarob/build/ros2_prarob -- -j8 -l8
[8.372s] DEBUG:colcon.colcon_core.event_handler.log_command:Invoked command in '/home/rob/ros2_prarob/build/ros2_prarob' returned '0': CMAKE_PREFIX_PATH=${CMAKE_PREFIX_PATH}:/home/rob/ros2_ws/src/install/prarob_vision:/opt/ros/jazzy VIRTUAL_ENV_PROMPT=(opencv_venv) /usr/bin/cmake --build /home/rob/ros2_prarob/build/ros2_prarob -- -j8 -l8
[8.393s] DEBUG:colcon.colcon_core.event_handler.log_command:Invoking command in '/home/rob/ros2_prarob/build/ros2_prarob': CMAKE_PREFIX_PATH=${CMAKE_PREFIX_PATH}:/home/rob/ros2_ws/src/install/prarob_vision:/opt/ros/jazzy VIRTUAL_ENV_PROMPT=(opencv_venv) /usr/bin/cmake --install /home/rob/ros2_prarob/build/ros2_prarob
[9.233s] Level 1:colcon.colcon_core.environment:create_environment_scripts_only(ros2_prarob)
[9.234s] DEBUG:colcon.colcon_core.event_handler.log_command:Invoked command in '/home/rob/ros2_prarob/build/ros2_prarob' returned '0': CMAKE_PREFIX_PATH=${CMAKE_PREFIX_PATH}:/home/rob/ros2_ws/src/install/prarob_vision:/opt/ros/jazzy VIRTUAL_ENV_PROMPT=(opencv_venv) /usr/bin/cmake --install /home/rob/ros2_prarob/build/ros2_prarob
[9.310s] Level 1:colcon.colcon_core.environment:checking '/home/rob/ros2_prarob/install/ros2_prarob' for CMake module files
[9.318s] Level 1:colcon.colcon_core.environment:checking '/home/rob/ros2_prarob/install/ros2_prarob' for CMake config files
[9.322s] Level 1:colcon.colcon_core.shell:create_environment_hook('ros2_prarob', 'cmake_prefix_path')
[9.325s] INFO:colcon.colcon_core.shell:Creating environment hook '/home/rob/ros2_prarob/install/ros2_prarob/share/ros2_prarob/hook/cmake_prefix_path.ps1'
[9.342s] INFO:colcon.colcon_core.shell:Creating environment descriptor '/home/rob/ros2_prarob/install/ros2_prarob/share/ros2_prarob/hook/cmake_prefix_path.dsv'
[9.353s] INFO:colcon.colcon_core.shell:Creating environment hook '/home/rob/ros2_prarob/install/ros2_prarob/share/ros2_prarob/hook/cmake_prefix_path.sh'
[9.358s] Level 1:colcon.colcon_core.environment:checking '/home/rob/ros2_prarob/install/ros2_prarob/lib'
[9.358s] Level 1:colcon.colcon_core.environment:checking '/home/rob/ros2_prarob/install/ros2_prarob/bin'
[9.359s] Level 1:colcon.colcon_core.environment:checking '/home/rob/ros2_prarob/install/ros2_prarob/lib/pkgconfig/ros2_prarob.pc'
[9.361s] Level 1:colcon.colcon_core.environment:checking '/home/rob/ros2_prarob/install/ros2_prarob/lib/python3.12/site-packages'
[9.363s] Level 1:colcon.colcon_core.environment:checking '/home/rob/ros2_prarob/install/ros2_prarob/bin'
[9.365s] INFO:colcon.colcon_core.shell:Creating package script '/home/rob/ros2_prarob/install/ros2_prarob/share/ros2_prarob/package.ps1'
[9.370s] INFO:colcon.colcon_core.shell:Creating package descriptor '/home/rob/ros2_prarob/install/ros2_prarob/share/ros2_prarob/package.dsv'
[9.373s] INFO:colcon.colcon_core.shell:Creating package script '/home/rob/ros2_prarob/install/ros2_prarob/share/ros2_prarob/package.sh'
[9.376s] INFO:colcon.colcon_core.shell:Creating package script '/home/rob/ros2_prarob/install/ros2_prarob/share/ros2_prarob/package.bash'
[9.384s] INFO:colcon.colcon_core.shell:Creating package script '/home/rob/ros2_prarob/install/ros2_prarob/share/ros2_prarob/package.zsh'
[9.386s] Level 1:colcon.colcon_core.environment:create_file_with_runtime_dependencies(/home/rob/ros2_prarob/install/ros2_prarob/share/colcon-core/packages/ros2_prarob)
[9.390s] Level 1:colcon.colcon_core.environment:create_environment_scripts_only(ros2_prarob)
[9.391s] Level 1:colcon.colcon_core.environment:checking '/home/rob/ros2_prarob/install/ros2_prarob' for CMake module files
[9.392s] Level 1:colcon.colcon_core.environment:checking '/home/rob/ros2_prarob/install/ros2_prarob' for CMake config files
[9.393s] Level 1:colcon.colcon_core.shell:create_environment_hook('ros2_prarob', 'cmake_prefix_path')
[9.394s] INFO:colcon.colcon_core.shell:Creating environment hook '/home/rob/ros2_prarob/install/ros2_prarob/share/ros2_prarob/hook/cmake_prefix_path.ps1'
[9.396s] INFO:colcon.colcon_core.shell:Creating environment descriptor '/home/rob/ros2_prarob/install/ros2_prarob/share/ros2_prarob/hook/cmake_prefix_path.dsv'
[9.398s] INFO:colcon.colcon_core.shell:Creating environment hook '/home/rob/ros2_prarob/install/ros2_prarob/share/ros2_prarob/hook/cmake_prefix_path.sh'
[9.401s] Level 1:colcon.colcon_core.environment:checking '/home/rob/ros2_prarob/install/ros2_prarob/lib'
[9.402s] Level 1:colcon.colcon_core.environment:checking '/home/rob/ros2_prarob/install/ros2_prarob/bin'
[9.402s] Level 1:colcon.colcon_core.environment:checking '/home/rob/ros2_prarob/install/ros2_prarob/lib/pkgconfig/ros2_prarob.pc'
[9.403s] Level 1:colcon.colcon_core.environment:checking '/home/rob/ros2_prarob/install/ros2_prarob/lib/python3.12/site-packages'
[9.403s] Level 1:colcon.colcon_core.environment:checking '/home/rob/ros2_prarob/install/ros2_prarob/bin'
[9.404s] INFO:colcon.colcon_core.shell:Creating package script '/home/rob/ros2_prarob/install/ros2_prarob/share/ros2_prarob/package.ps1'
[9.406s] INFO:colcon.colcon_core.shell:Creating package descriptor '/home/rob/ros2_prarob/install/ros2_prarob/share/ros2_prarob/package.dsv'
[9.408s] INFO:colcon.colcon_core.shell:Creating package script '/home/rob/ros2_prarob/install/ros2_prarob/share/ros2_prarob/package.sh'
[9.409s] INFO:colcon.colcon_core.shell:Creating package script '/home/rob/ros2_prarob/install/ros2_prarob/share/ros2_prarob/package.bash'
[9.411s] INFO:colcon.colcon_core.shell:Creating package script '/home/rob/ros2_prarob/install/ros2_prarob/share/ros2_prarob/package.zsh'
[9.412s] Level 1:colcon.colcon_core.environment:create_file_with_runtime_dependencies(/home/rob/ros2_prarob/install/ros2_prarob/share/colcon-core/packages/ros2_prarob)
[9.413s] DEBUG:colcon.colcon_parallel_executor.executor.parallel:closing loop
[9.414s] DEBUG:colcon.colcon_parallel_executor.executor.parallel:loop closed
[9.415s] DEBUG:colcon.colcon_parallel_executor.executor.parallel:run_until_complete finished with '0'
[9.415s] DEBUG:colcon.colcon_core.event_reactor:joining thread
[9.554s] INFO:colcon.colcon_core.plugin_system:Skipping extension 'colcon_notification.desktop_notification.terminal_notifier': Not used on non-Darwin systems
[9.554s] INFO:colcon.colcon_core.plugin_system:Skipping extension 'colcon_notification.desktop_notification.win32': Not used on non-Windows systems
[9.555s] INFO:colcon.colcon_notification.desktop_notification:Sending desktop notification using 'notify2'
[11.424s] DEBUG:colcon.colcon_core.event_reactor:joined thread
[11.425s] INFO:colcon.colcon_core.shell:Creating prefix script '/home/rob/ros2_prarob/install/local_setup.ps1'
[11.484s] INFO:colcon.colcon_core.shell:Creating prefix util module '/home/rob/ros2_prarob/install/_local_setup_util_ps1.py'
[11.502s] INFO:colcon.colcon_core.shell:Creating prefix chain script '/home/rob/ros2_prarob/install/setup.ps1'
[11.516s] INFO:colcon.colcon_core.shell:Creating prefix script '/home/rob/ros2_prarob/install/local_setup.sh'
[11.527s] INFO:colcon.colcon_core.shell:Creating prefix util module '/home/rob/ros2_prarob/install/_local_setup_util_sh.py'
[11.530s] INFO:colcon.colcon_core.shell:Creating prefix chain script '/home/rob/ros2_prarob/install/setup.sh'
[11.535s] INFO:colcon.colcon_core.shell:Creating prefix script '/home/rob/ros2_prarob/install/local_setup.bash'
[11.547s] INFO:colcon.colcon_core.shell:Creating prefix chain script '/home/rob/ros2_prarob/install/setup.bash'
[11.559s] INFO:colcon.colcon_core.shell:Creating prefix script '/home/rob/ros2_prarob/install/local_setup.zsh'
[11.584s] INFO:colcon.colcon_core.shell:Creating prefix chain script '/home/rob/ros2_prarob/install/setup.zsh'
