running egg_info
creating build/prarob_vision/prarob_vision.egg-info
writing build/prarob_vision/prarob_vision.egg-info/PKG-INFO
writing dependency_links to build/prarob_vision/prarob_vision.egg-info/dependency_links.txt
writing entry points to build/prarob_vision/prarob_vision.egg-info/entry_points.txt
writing requirements to build/prarob_vision/prarob_vision.egg-info/requires.txt
writing top-level names to build/prarob_vision/prarob_vision.egg-info/top_level.txt
writing manifest file 'build/prarob_vision/prarob_vision.egg-info/SOURCES.txt'
reading manifest file 'build/prarob_vision/prarob_vision.egg-info/SOURCES.txt'
adding license file 'LICENSE'
writing manifest file 'build/prarob_vision/prarob_vision.egg-info/SOURCES.txt'
running build
running build_py
creating /home/rob/ros2_ws/src/prarob_vision/build/prarob_vision/build
creating /home/rob/ros2_ws/src/prarob_vision/build/prarob_vision/build/lib
creating /home/rob/ros2_ws/src/prarob_vision/build/prarob_vision/build/lib/prarob_vision
copying prarob_vision/image_view.py -> /home/rob/ros2_ws/src/prarob_vision/build/prarob_vision/build/lib/prarob_vision
copying prarob_vision/image_process.py -> /home/rob/ros2_ws/src/prarob_vision/build/prarob_vision/build/lib/prarob_vision
copying prarob_vision/__init__.py -> /home/rob/ros2_ws/src/prarob_vision/build/prarob_vision/build/lib/prarob_vision
running install
running install_lib
creating /home/rob/ros2_ws/src/prarob_vision/install/prarob_vision/lib/python3.12/site-packages/prarob_vision
copying /home/rob/ros2_ws/src/prarob_vision/build/prarob_vision/build/lib/prarob_vision/image_view.py -> /home/rob/ros2_ws/src/prarob_vision/install/prarob_vision/lib/python3.12/site-packages/prarob_vision
copying /home/rob/ros2_ws/src/prarob_vision/build/prarob_vision/build/lib/prarob_vision/image_process.py -> /home/rob/ros2_ws/src/prarob_vision/install/prarob_vision/lib/python3.12/site-packages/prarob_vision
copying /home/rob/ros2_ws/src/prarob_vision/build/prarob_vision/build/lib/prarob_vision/__init__.py -> /home/rob/ros2_ws/src/prarob_vision/install/prarob_vision/lib/python3.12/site-packages/prarob_vision
byte-compiling /home/rob/ros2_ws/src/prarob_vision/install/prarob_vision/lib/python3.12/site-packages/prarob_vision/image_view.py to image_view.cpython-312.pyc
byte-compiling /home/rob/ros2_ws/src/prarob_vision/install/prarob_vision/lib/python3.12/site-packages/prarob_vision/image_process.py to image_process.cpython-312.pyc
byte-compiling /home/rob/ros2_ws/src/prarob_vision/install/prarob_vision/lib/python3.12/site-packages/prarob_vision/__init__.py to __init__.cpython-312.pyc
running install_data
creating /home/rob/ros2_ws/src/prarob_vision/install/prarob_vision/share/ament_index
creating /home/rob/ros2_ws/src/prarob_vision/install/prarob_vision/share/ament_index/resource_index
creating /home/rob/ros2_ws/src/prarob_vision/install/prarob_vision/share/ament_index/resource_index/packages
copying resource/prarob_vision -> /home/rob/ros2_ws/src/prarob_vision/install/prarob_vision/share/ament_index/resource_index/packages
copying package.xml -> /home/rob/ros2_ws/src/prarob_vision/install/prarob_vision/share/prarob_vision
creating /home/rob/ros2_ws/src/prarob_vision/install/prarob_vision/share/prarob_vision/images
copying images/image.PNG -> /home/rob/ros2_ws/src/prarob_vision/install/prarob_vision/share/prarob_vision/images
creating /home/rob/ros2_ws/src/prarob_vision/install/prarob_vision/share/prarob_vision/launch
copying launch/image_process.launch.xml -> /home/rob/ros2_ws/src/prarob_vision/install/prarob_vision/share/prarob_vision/launch
running install_egg_info
Copying build/prarob_vision/prarob_vision.egg-info to /home/rob/ros2_ws/src/prarob_vision/install/prarob_vision/lib/python3.12/site-packages/prarob_vision-0.0.0-py3.12.egg-info
running install_scripts
Installing image_process script to /home/rob/ros2_ws/src/prarob_vision/install/prarob_vision/lib/prarob_vision
Installing image_view script to /home/rob/ros2_ws/src/prarob_vision/install/prarob_vision/lib/prarob_vision
writing list of installed files to '/home/rob/ros2_ws/src/prarob_vision/build/prarob_vision/install.log'
