[1.149s] Invoking command in '/home/rob/ros2_ws/src/prarob_vision': PYTHONPATH=/home/rob/ros2_ws/src/prarob_vision/build/prarob_vision/prefix_override:/usr/lib/python3/dist-packages/colcon_core/task/python/colcon_distutils_commands:/home/rob/ros2_ws/src/prarob_vision/install/prarob_vision/lib/python3.12/site-packages: /usr/bin/python3 -W ignore:setup.py install is deprecated -W ignore:easy_install command is deprecated setup.py egg_info --egg-base build/prarob_vision build --build-base /home/rob/ros2_ws/src/prarob_vision/build/prarob_vision/build install --record /home/rob/ros2_ws/src/prarob_vision/build/prarob_vision/install.log --single-version-externally-managed install_data
[1.413s] running egg_info
[1.413s] creating build/prarob_vision/prarob_vision.egg-info
[1.429s] writing build/prarob_vision/prarob_vision.egg-info/PKG-INFO
[1.429s] writing dependency_links to build/prarob_vision/prarob_vision.egg-info/dependency_links.txt
[1.430s] writing entry points to build/prarob_vision/prarob_vision.egg-info/entry_points.txt
[1.430s] writing requirements to build/prarob_vision/prarob_vision.egg-info/requires.txt
[1.430s] writing top-level names to build/prarob_vision/prarob_vision.egg-info/top_level.txt
[1.430s] writing manifest file 'build/prarob_vision/prarob_vision.egg-info/SOURCES.txt'
[1.462s] reading manifest file 'build/prarob_vision/prarob_vision.egg-info/SOURCES.txt'
[1.462s] adding license file 'LICENSE'
[1.463s] writing manifest file 'build/prarob_vision/prarob_vision.egg-info/SOURCES.txt'
[1.463s] running build
[1.463s] running build_py
[1.463s] creating /home/rob/ros2_ws/src/prarob_vision/build/prarob_vision/build
[1.464s] creating /home/rob/ros2_ws/src/prarob_vision/build/prarob_vision/build/lib
[1.464s] creating /home/rob/ros2_ws/src/prarob_vision/build/prarob_vision/build/lib/prarob_vision
[1.465s] copying prarob_vision/image_view.py -> /home/rob/ros2_ws/src/prarob_vision/build/prarob_vision/build/lib/prarob_vision
[1.465s] copying prarob_vision/image_process.py -> /home/rob/ros2_ws/src/prarob_vision/build/prarob_vision/build/lib/prarob_vision
[1.466s] copying prarob_vision/__init__.py -> /home/rob/ros2_ws/src/prarob_vision/build/prarob_vision/build/lib/prarob_vision
[1.466s] running install
[1.474s] running install_lib
[1.491s] creating /home/rob/ros2_ws/src/prarob_vision/install/prarob_vision/lib/python3.12/site-packages/prarob_vision
[1.491s] copying /home/rob/ros2_ws/src/prarob_vision/build/prarob_vision/build/lib/prarob_vision/image_view.py -> /home/rob/ros2_ws/src/prarob_vision/install/prarob_vision/lib/python3.12/site-packages/prarob_vision
[1.491s] copying /home/rob/ros2_ws/src/prarob_vision/build/prarob_vision/build/lib/prarob_vision/image_process.py -> /home/rob/ros2_ws/src/prarob_vision/install/prarob_vision/lib/python3.12/site-packages/prarob_vision
[1.492s] copying /home/rob/ros2_ws/src/prarob_vision/build/prarob_vision/build/lib/prarob_vision/__init__.py -> /home/rob/ros2_ws/src/prarob_vision/install/prarob_vision/lib/python3.12/site-packages/prarob_vision
[1.493s] byte-compiling /home/rob/ros2_ws/src/prarob_vision/install/prarob_vision/lib/python3.12/site-packages/prarob_vision/image_view.py to image_view.cpython-312.pyc
[1.494s] byte-compiling /home/rob/ros2_ws/src/prarob_vision/install/prarob_vision/lib/python3.12/site-packages/prarob_vision/image_process.py to image_process.cpython-312.pyc
[1.498s] byte-compiling /home/rob/ros2_ws/src/prarob_vision/install/prarob_vision/lib/python3.12/site-packages/prarob_vision/__init__.py to __init__.cpython-312.pyc
[1.498s] running install_data
[1.498s] creating /home/rob/ros2_ws/src/prarob_vision/install/prarob_vision/share/ament_index
[1.499s] creating /home/rob/ros2_ws/src/prarob_vision/install/prarob_vision/share/ament_index/resource_index
[1.499s] creating /home/rob/ros2_ws/src/prarob_vision/install/prarob_vision/share/ament_index/resource_index/packages
[1.499s] copying resource/prarob_vision -> /home/rob/ros2_ws/src/prarob_vision/install/prarob_vision/share/ament_index/resource_index/packages
[1.500s] copying package.xml -> /home/rob/ros2_ws/src/prarob_vision/install/prarob_vision/share/prarob_vision
[1.500s] creating /home/rob/ros2_ws/src/prarob_vision/install/prarob_vision/share/prarob_vision/images
[1.500s] copying images/image.PNG -> /home/rob/ros2_ws/src/prarob_vision/install/prarob_vision/share/prarob_vision/images
[1.500s] creating /home/rob/ros2_ws/src/prarob_vision/install/prarob_vision/share/prarob_vision/launch
[1.501s] copying launch/image_process.launch.xml -> /home/rob/ros2_ws/src/prarob_vision/install/prarob_vision/share/prarob_vision/launch
[1.501s] running install_egg_info
[1.518s] Copying build/prarob_vision/prarob_vision.egg-info to /home/rob/ros2_ws/src/prarob_vision/install/prarob_vision/lib/python3.12/site-packages/prarob_vision-0.0.0-py3.12.egg-info
[1.520s] running install_scripts
[1.641s] Installing image_process script to /home/rob/ros2_ws/src/prarob_vision/install/prarob_vision/lib/prarob_vision
[1.641s] Installing image_view script to /home/rob/ros2_ws/src/prarob_vision/install/prarob_vision/lib/prarob_vision
[1.642s] writing list of installed files to '/home/rob/ros2_ws/src/prarob_vision/build/prarob_vision/install.log'
[1.708s] Invoked command in '/home/rob/ros2_ws/src/prarob_vision' returned '0': PYTHONPATH=/home/rob/ros2_ws/src/prarob_vision/build/prarob_vision/prefix_override:/usr/lib/python3/dist-packages/colcon_core/task/python/colcon_distutils_commands:/home/rob/ros2_ws/src/prarob_vision/install/prarob_vision/lib/python3.12/site-packages: /usr/bin/python3 -W ignore:setup.py install is deprecated -W ignore:easy_install command is deprecated setup.py egg_info --egg-base build/prarob_vision build --build-base /home/rob/ros2_ws/src/prarob_vision/build/prarob_vision/build install --record /home/rob/ros2_ws/src/prarob_vision/build/prarob_vision/install.log --single-version-externally-managed install_data
