[0.297s] DEBUG:colcon:Command line arguments: ['/usr/bin/colcon', 'build', '--symlink']
[0.297s] DEBUG:colcon:Parsed command line arguments: Namespace(log_base=None, log_level=None, verb_name='build', build_base='build', install_base='install', merge_install=False, symlink_install=True, test_result_base=None, continue_on_error=False, executor='parallel', parallel_workers=8, event_handlers=None, ignore_user_meta=False, metas=['./colcon.meta'], base_paths=['.'], packages_ignore=None, packages_ignore_regex=None, paths=None, packages_up_to=None, packages_up_to_regex=None, packages_above=None, packages_above_and_dependencies=None, packages_above_depth=None, packages_select_by_dep=None, packages_skip_by_dep=None, packages_skip_up_to=None, packages_select_build_failed=False, packages_skip_build_finished=False, packages_select_test_failures=False, packages_skip_test_passed=False, packages_select=None, packages_skip=None, packages_select_regex=None, packages_skip_regex=None, packages_start=None, packages_end=None, allow_overriding=[], cmake_args=None, cmake_target=None, cmake_target_skip_unavailable=False, cmake_clean_cache=False, cmake_clean_first=False, cmake_force_configure=False, ament_cmake_args=None, catkin_cmake_args=None, catkin_skip_building_tests=False, mixin_files=None, mixin=None, verb_parser=<colcon_mixin.mixin.mixin_argument.MixinArgumentDecorator object at 0x7ffb658f3bc0>, verb_extension=<colcon_core.verb.build.BuildVerb object at 0x7ffb658f34a0>, main=<bound method BuildVerb.main of <colcon_core.verb.build.BuildVerb object at 0x7ffb658f34a0>>, mixin_verb=('build',))
[0.353s] Level 1:colcon.colcon_core.package_discovery:discover_packages(colcon_meta) check parameters
[0.354s] Level 1:colcon.colcon_core.package_discovery:discover_packages(recursive) check parameters
[0.354s] Level 1:colcon.colcon_core.package_discovery:discover_packages(ignore) check parameters
[0.354s] Level 1:colcon.colcon_core.package_discovery:discover_packages(path) check parameters
[0.354s] Level 1:colcon.colcon_core.package_discovery:discover_packages(colcon_meta) discover
[0.354s] Level 1:colcon.colcon_core.package_discovery:discover_packages(recursive) discover
[0.354s] INFO:colcon.colcon_core.package_discovery:Crawling recursively for packages in '/home/rob/ros2_ws/src/prarob_vision'
[0.354s] Level 1:colcon.colcon_core.package_identification:_identify(.) by extensions ['ignore', 'ignore_ament_install']
[0.354s] Level 1:colcon.colcon_core.package_identification:_identify(.) by extension 'ignore'
[0.354s] Level 1:colcon.colcon_core.package_identification:_identify(.) by extension 'ignore_ament_install'
[0.355s] Level 1:colcon.colcon_core.package_identification:_identify(.) by extensions ['colcon_pkg']
[0.355s] Level 1:colcon.colcon_core.package_identification:_identify(.) by extension 'colcon_pkg'
[0.355s] Level 1:colcon.colcon_core.package_identification:_identify(.) by extensions ['colcon_meta']
[0.355s] Level 1:colcon.colcon_core.package_identification:_identify(.) by extension 'colcon_meta'
[0.355s] Level 1:colcon.colcon_core.package_identification:_identify(.) by extensions ['ros']
[0.355s] Level 1:colcon.colcon_core.package_identification:_identify(.) by extension 'ros'
[0.395s] DEBUG:colcon.colcon_core.package_identification:Package '.' with type 'ros.ament_python' and name 'prarob_vision'
[0.395s] Level 1:colcon.colcon_core.package_discovery:discover_packages(recursive) using defaults
[0.395s] Level 1:colcon.colcon_core.package_discovery:discover_packages(ignore) discover
[0.396s] Level 1:colcon.colcon_core.package_discovery:discover_packages(ignore) using defaults
[0.396s] Level 1:colcon.colcon_core.package_discovery:discover_packages(path) discover
[0.396s] Level 1:colcon.colcon_core.package_discovery:discover_packages(path) using defaults
[0.418s] Level 1:colcon.colcon_core.package_discovery:discover_packages(prefix_path) check parameters
[0.419s] Level 1:colcon.colcon_core.package_discovery:discover_packages(prefix_path) discover
[0.423s] DEBUG:colcon.colcon_installed_package_information.package_discovery:Found 1 installed packages in /home/rob/ros2_ws/src/prarob_vision/install
[0.423s] Level 1:colcon.colcon_core.package_discovery:discover_packages(prefix_path) using defaults
[0.425s] Level 5:colcon.colcon_core.verb:set package 'prarob_vision' build argument 'cmake_args' from command line to 'None'
[0.425s] Level 5:colcon.colcon_core.verb:set package 'prarob_vision' build argument 'cmake_target' from command line to 'None'
[0.425s] Level 5:colcon.colcon_core.verb:set package 'prarob_vision' build argument 'cmake_target_skip_unavailable' from command line to 'False'
[0.425s] Level 5:colcon.colcon_core.verb:set package 'prarob_vision' build argument 'cmake_clean_cache' from command line to 'False'
[0.425s] Level 5:colcon.colcon_core.verb:set package 'prarob_vision' build argument 'cmake_clean_first' from command line to 'False'
[0.425s] Level 5:colcon.colcon_core.verb:set package 'prarob_vision' build argument 'cmake_force_configure' from command line to 'False'
[0.426s] Level 5:colcon.colcon_core.verb:set package 'prarob_vision' build argument 'ament_cmake_args' from command line to 'None'
[0.426s] Level 5:colcon.colcon_core.verb:set package 'prarob_vision' build argument 'catkin_cmake_args' from command line to 'None'
[0.426s] Level 5:colcon.colcon_core.verb:set package 'prarob_vision' build argument 'catkin_skip_building_tests' from command line to 'False'
[0.426s] DEBUG:colcon.colcon_core.verb:Building package 'prarob_vision' with the following arguments: {'ament_cmake_args': None, 'build_base': '/home/rob/ros2_ws/src/prarob_vision/build/prarob_vision', 'catkin_cmake_args': None, 'catkin_skip_building_tests': False, 'cmake_args': None, 'cmake_clean_cache': False, 'cmake_clean_first': False, 'cmake_force_configure': False, 'cmake_target': None, 'cmake_target_skip_unavailable': False, 'install_base': '/home/rob/ros2_ws/src/prarob_vision/install/prarob_vision', 'merge_install': False, 'path': '/home/rob/ros2_ws/src/prarob_vision', 'symlink_install': True, 'test_result_base': None}
[0.426s] INFO:colcon.colcon_core.executor:Executing jobs using 'parallel' executor
[0.427s] DEBUG:colcon.colcon_parallel_executor.executor.parallel:run_until_complete
[0.428s] INFO:colcon.colcon_ros.task.ament_python.build:Building ROS package in '/home/rob/ros2_ws/src/prarob_vision' with build type 'ament_python'
[0.428s] Level 1:colcon.colcon_core.shell:create_environment_hook('prarob_vision', 'ament_prefix_path')
[0.431s] INFO:colcon.colcon_core.plugin_system:Skipping extension 'colcon_core.shell.bat': Not used on non-Windows systems
[0.432s] INFO:colcon.colcon_core.shell:Creating environment hook '/home/rob/ros2_ws/src/prarob_vision/install/prarob_vision/share/prarob_vision/hook/ament_prefix_path.ps1'
[0.432s] INFO:colcon.colcon_core.shell:Creating environment descriptor '/home/rob/ros2_ws/src/prarob_vision/install/prarob_vision/share/prarob_vision/hook/ament_prefix_path.dsv'
[0.433s] INFO:colcon.colcon_core.shell:Creating environment hook '/home/rob/ros2_ws/src/prarob_vision/install/prarob_vision/share/prarob_vision/hook/ament_prefix_path.sh'
[0.434s] INFO:colcon.colcon_core.shell:Skip shell extension 'powershell' for command environment: Not usable outside of PowerShell
[0.434s] DEBUG:colcon.colcon_core.shell:Skip shell extension 'dsv' for command environment
[0.681s] INFO:colcon.colcon_core.task.python.build:Building Python package in '/home/rob/ros2_ws/src/prarob_vision'
[0.682s] INFO:colcon.colcon_core.shell:Skip shell extension 'powershell' for command environment: Not usable outside of PowerShell
[0.682s] DEBUG:colcon.colcon_core.shell:Skip shell extension 'dsv' for command environment
[1.281s] DEBUG:colcon.colcon_core.task.python.build:While undoing a previous installation files outside the Python library path are being ignored: /home/rob/ros2_ws/src/prarob_vision/install/prarob_vision/share/ament_index/resource_index/packages/prarob_vision
[1.281s] DEBUG:colcon.colcon_core.task.python.build:While undoing a previous installation files outside the Python library path are being ignored: /home/rob/ros2_ws/src/prarob_vision/install/prarob_vision/share/prarob_vision/package.xml
[1.281s] DEBUG:colcon.colcon_core.task.python.build:While undoing a previous installation files outside the Python library path are being ignored: /home/rob/ros2_ws/src/prarob_vision/install/prarob_vision/share/prarob_vision/images/image.PNG
[1.281s] DEBUG:colcon.colcon_core.task.python.build:While undoing a previous installation files outside the Python library path are being ignored: /home/rob/ros2_ws/src/prarob_vision/install/prarob_vision/share/prarob_vision/launch/image_process.launch.xml
[1.281s] DEBUG:colcon.colcon_core.task.python.build:While undoing a previous installation files outside the Python library path are being ignored: /home/rob/ros2_ws/src/prarob_vision/install/prarob_vision/lib/prarob_vision/image_process
[1.281s] DEBUG:colcon.colcon_core.task.python.build:While undoing a previous installation files outside the Python library path are being ignored: /home/rob/ros2_ws/src/prarob_vision/install/prarob_vision/lib/prarob_vision/image_view
[1.287s] DEBUG:colcon.colcon_core.event_handler.log_command:Invoking command in '/home/rob/ros2_ws/src/prarob_vision/build/prarob_vision': PYTHONPATH=/home/rob/ros2_ws/src/prarob_vision/build/prarob_vision/prefix_override:/usr/lib/python3/dist-packages/colcon_core/task/python/colcon_distutils_commands:/home/rob/ros2_ws/src/prarob_vision/install/prarob_vision/lib/python3.12/site-packages:${PYTHONPATH} /usr/bin/python3 -W ignore:setup.py install is deprecated -W ignore:easy_install command is deprecated setup.py develop --editable --build-directory /home/rob/ros2_ws/src/prarob_vision/build/prarob_vision/build --no-deps symlink_data --force
[1.922s] Level 1:colcon.colcon_core.shell:create_environment_hook('prarob_vision', 'pythonpath_develop')
[1.922s] INFO:colcon.colcon_core.shell:Creating environment hook '/home/rob/ros2_ws/src/prarob_vision/build/prarob_vision/share/prarob_vision/hook/pythonpath_develop.ps1'
[1.922s] DEBUG:colcon.colcon_core.event_handler.log_command:Invoked command in '/home/rob/ros2_ws/src/prarob_vision/build/prarob_vision' returned '0': PYTHONPATH=/home/rob/ros2_ws/src/prarob_vision/build/prarob_vision/prefix_override:/usr/lib/python3/dist-packages/colcon_core/task/python/colcon_distutils_commands:/home/rob/ros2_ws/src/prarob_vision/install/prarob_vision/lib/python3.12/site-packages:${PYTHONPATH} /usr/bin/python3 -W ignore:setup.py install is deprecated -W ignore:easy_install command is deprecated setup.py develop --editable --build-directory /home/rob/ros2_ws/src/prarob_vision/build/prarob_vision/build --no-deps symlink_data --force
[1.924s] INFO:colcon.colcon_core.shell:Creating environment descriptor '/home/rob/ros2_ws/src/prarob_vision/build/prarob_vision/share/prarob_vision/hook/pythonpath_develop.dsv'
[1.924s] INFO:colcon.colcon_core.shell:Creating environment hook '/home/rob/ros2_ws/src/prarob_vision/build/prarob_vision/share/prarob_vision/hook/pythonpath_develop.sh'
[1.927s] Level 1:colcon.colcon_core.environment:checking '/home/rob/ros2_ws/src/prarob_vision/install/prarob_vision' for CMake module files
[1.928s] Level 1:colcon.colcon_core.environment:checking '/home/rob/ros2_ws/src/prarob_vision/install/prarob_vision' for CMake config files
[1.929s] Level 1:colcon.colcon_core.environment:checking '/home/rob/ros2_ws/src/prarob_vision/install/prarob_vision/lib'
[1.929s] Level 1:colcon.colcon_core.environment:checking '/home/rob/ros2_ws/src/prarob_vision/install/prarob_vision/bin'
[1.930s] Level 1:colcon.colcon_core.environment:checking '/home/rob/ros2_ws/src/prarob_vision/install/prarob_vision/lib/pkgconfig/prarob_vision.pc'
[1.930s] Level 1:colcon.colcon_core.environment:checking '/home/rob/ros2_ws/src/prarob_vision/install/prarob_vision/lib/python3.12/site-packages'
[1.930s] Level 1:colcon.colcon_core.shell:create_environment_hook('prarob_vision', 'pythonpath')
[1.930s] INFO:colcon.colcon_core.shell:Creating environment hook '/home/rob/ros2_ws/src/prarob_vision/install/prarob_vision/share/prarob_vision/hook/pythonpath.ps1'
[1.931s] INFO:colcon.colcon_core.shell:Creating environment descriptor '/home/rob/ros2_ws/src/prarob_vision/install/prarob_vision/share/prarob_vision/hook/pythonpath.dsv'
[1.931s] INFO:colcon.colcon_core.shell:Creating environment hook '/home/rob/ros2_ws/src/prarob_vision/install/prarob_vision/share/prarob_vision/hook/pythonpath.sh'
[1.932s] Level 1:colcon.colcon_core.environment:checking '/home/rob/ros2_ws/src/prarob_vision/install/prarob_vision/bin'
[1.933s] Level 1:colcon.colcon_core.environment:create_environment_scripts_only(prarob_vision)
[1.933s] INFO:colcon.colcon_core.shell:Creating package script '/home/rob/ros2_ws/src/prarob_vision/install/prarob_vision/share/prarob_vision/package.ps1'
[1.934s] INFO:colcon.colcon_core.shell:Creating package descriptor '/home/rob/ros2_ws/src/prarob_vision/install/prarob_vision/share/prarob_vision/package.dsv'
[1.935s] INFO:colcon.colcon_core.shell:Creating package script '/home/rob/ros2_ws/src/prarob_vision/install/prarob_vision/share/prarob_vision/package.sh'
[1.936s] INFO:colcon.colcon_core.shell:Creating package script '/home/rob/ros2_ws/src/prarob_vision/install/prarob_vision/share/prarob_vision/package.bash'
[1.937s] INFO:colcon.colcon_core.shell:Creating package script '/home/rob/ros2_ws/src/prarob_vision/install/prarob_vision/share/prarob_vision/package.zsh'
[1.937s] Level 1:colcon.colcon_core.environment:create_file_with_runtime_dependencies(/home/rob/ros2_ws/src/prarob_vision/install/prarob_vision/share/colcon-core/packages/prarob_vision)
[1.938s] DEBUG:colcon.colcon_parallel_executor.executor.parallel:closing loop
[1.938s] DEBUG:colcon.colcon_parallel_executor.executor.parallel:loop closed
[1.939s] DEBUG:colcon.colcon_parallel_executor.executor.parallel:run_until_complete finished with '0'
[1.939s] DEBUG:colcon.colcon_core.event_reactor:joining thread
[2.039s] INFO:colcon.colcon_core.plugin_system:Skipping extension 'colcon_notification.desktop_notification.notify_send': Could not find 'notify-send'
[2.039s] INFO:colcon.colcon_core.plugin_system:Skipping extension 'colcon_notification.desktop_notification.terminal_notifier': Not used on non-Darwin systems
[2.039s] INFO:colcon.colcon_core.plugin_system:Skipping extension 'colcon_notification.desktop_notification.win32': Not used on non-Windows systems
[2.039s] INFO:colcon.colcon_notification.desktop_notification:Sending desktop notification using 'notify2'
[2.040s] DEBUG:colcon.colcon_notification.desktop_notification.notify2:Failed to initialize notify2: org.freedesktop.DBus.Error.ServiceUnknown: The name org.freedesktop.Notifications was not provided by any .service files
[2.040s] DEBUG:colcon.colcon_core.event_reactor:joined thread
[2.041s] INFO:colcon.colcon_core.shell:Creating prefix script '/home/rob/ros2_ws/src/prarob_vision/install/local_setup.ps1'
[2.042s] INFO:colcon.colcon_core.shell:Creating prefix util module '/home/rob/ros2_ws/src/prarob_vision/install/_local_setup_util_ps1.py'
[2.043s] INFO:colcon.colcon_core.shell:Creating prefix chain script '/home/rob/ros2_ws/src/prarob_vision/install/setup.ps1'
[2.044s] INFO:colcon.colcon_core.shell:Creating prefix script '/home/rob/ros2_ws/src/prarob_vision/install/local_setup.sh'
[2.045s] INFO:colcon.colcon_core.shell:Creating prefix util module '/home/rob/ros2_ws/src/prarob_vision/install/_local_setup_util_sh.py'
[2.045s] INFO:colcon.colcon_core.shell:Creating prefix chain script '/home/rob/ros2_ws/src/prarob_vision/install/setup.sh'
[2.046s] INFO:colcon.colcon_core.shell:Creating prefix script '/home/rob/ros2_ws/src/prarob_vision/install/local_setup.bash'
[2.048s] INFO:colcon.colcon_core.shell:Creating prefix chain script '/home/rob/ros2_ws/src/prarob_vision/install/setup.bash'
[2.049s] INFO:colcon.colcon_core.shell:Creating prefix script '/home/rob/ros2_ws/src/prarob_vision/install/local_setup.zsh'
[2.050s] INFO:colcon.colcon_core.shell:Creating prefix chain script '/home/rob/ros2_ws/src/prarob_vision/install/setup.zsh'
