-- Found ament_cmake: 2.5.4 (/opt/ros/jazzy/share/ament_cmake/cmake)
-- Override CMake install command with custom implementation using symlinks instead of copying resources
-- Found robot_state_publisher: 3.3.3 (/opt/ros/jazzy/share/robot_state_publisher/cmake)
-- Found rosidl_generator_c: 4.6.5 (/opt/ros/jazzy/share/rosidl_generator_c/cmake)
-- Found rosidl_generator_cpp: 4.6.5 (/opt/ros/jazzy/share/rosidl_generator_cpp/cmake)
-- Using all available rosidl_typesupport_c: rosidl_typesupport_fastrtps_c;rosidl_typesupport_introspection_c
-- Using all available rosidl_typesupport_cpp: rosidl_typesupport_fastrtps_cpp;rosidl_typesupport_introspection_cpp
-- Found rmw_implementation_cmake: 7.3.2 (/opt/ros/jazzy/share/rmw_implementation_cmake/cmake)
-- Found rmw_fastrtps_cpp: 8.4.2 (/opt/ros/jazzy/share/rmw_fastrtps_cpp/cmake)
-- Using RMW implementation 'rmw_fastrtps_cpp' as default
-- Found xacro: 2.0.13 (/opt/ros/jazzy/share/xacro/cmake)
-- Found rviz2: 14.1.11 (/opt/ros/jazzy/share/rviz2/cmake)
-- Found ros2_control: 4.29.0 (/opt/ros/jazzy/share/ros2_control/cmake)
-- Found ros2_controllers: 4.25.0 (/opt/ros/jazzy/share/ros2_controllers/cmake)
-- Found dynamixel_hardware: 0.6.0 (/home/rob/ros/jazzy/install/dynamixel_hardware/share/dynamixel_hardware/cmake)
-- Found ament_lint_auto: 0.17.2 (/opt/ros/jazzy/share/ament_lint_auto/cmake)
-- Added test 'cppcheck' to perform static code analysis on C / C++ code
-- Configured cppcheck include dirs: 
-- Configured cppcheck exclude dirs and/or files: 
-- Added test 'flake8' to check Python code syntax and style conventions
-- Configured 'flake8' exclude dirs and/or files: 
-- Added test 'lint_cmake' to check CMake code style
-- Added test 'pep257' to check Python code against some of the docstring style conventions in PEP 257
-- Added test 'uncrustify' to check C / C++ code style
-- Configured uncrustify additional arguments: 
-- Added test 'xmllint' to check XML markup files
-- Configuring done (5.6s)
-- Generating done (0.0s)
-- Build files have been written to: /home/rob/ros2_prarob/build/ros2_prarob
-- Install configuration: ""
-- Execute custom install script
-- Symlinking: /home/rob/ros2_prarob/install/ros2_prarob/share/ros2_prarob/urdf/prarob_manipulator.ros2_control.xacro
-- Symlinking: /home/rob/ros2_prarob/install/ros2_prarob/share/ros2_prarob/urdf/prarob_manipulator.urdf.xacro
-- Symlinking: /home/rob/ros2_prarob/install/ros2_prarob/share/ros2_prarob/urdf/prarob_manipulator.xacro
-- Symlinking: /home/rob/ros2_prarob/install/ros2_prarob/share/ros2_prarob/controllers/controllers.yaml
-- Symlinking: /home/rob/ros2_prarob/install/ros2_prarob/share/ros2_prarob/launch/prarob_manipulator.launch.py
-- Symlinking: /home/rob/ros2_prarob/install/ros2_prarob/share/ros2_prarob/launch/prarob_manipulator.rviz
-- Symlinking: /home/rob/ros2_prarob/install/ros2_prarob/share/ros2_prarob/meshes/FINAL_SCARA_ARM.dae
-- Symlinking: /home/rob/ros2_prarob/install/ros2_prarob/share/ros2_prarob/meshes/XL-430_new.dae
-- Symlinking: /home/rob/ros2_prarob/install/ros2_prarob/share/ros2_prarob/meshes/base.dae
-- Symlinking: /home/rob/ros2_prarob/install/ros2_prarob/share/ros2_prarob/meshes/end_effector.dae
-- Symlinking: /home/rob/ros2_prarob/install/ros2_prarob/share/ros2_prarob/meshes/link_90.dae
-- Symlinking: /home/rob/ros2_prarob/install/ros2_prarob/share/ros2_prarob/meshes/link_rr.dae
-- Symlinking: /home/rob/ros2_prarob/install/ros2_prarob/share/ros2_prarob/meshes/postolje_seminar_v1.step
-- Symlinking: /home/rob/ros2_prarob/install/ros2_prarob/share/ros2_prarob/meshes/postolje_seminar_v1.stl
-- Symlinking: /home/rob/ros2_prarob/install/ros2_prarob/share/ros2_prarob/meshes/prarob_ruka1_v1.step
-- Symlinking: /home/rob/ros2_prarob/install/ros2_prarob/share/ros2_prarob/meshes/ruka2_.step
-- Symlinking: /home/rob/ros2_prarob/install/ros2_prarob/lib/ros2_prarob/move_robot.py
-- Symlinking: /home/rob/ros2_prarob/install/ros2_prarob/share/ament_index/resource_index/package_run_dependencies/ros2_prarob
-- Symlinking: /home/rob/ros2_prarob/install/ros2_prarob/share/ament_index/resource_index/parent_prefix_path/ros2_prarob
-- Symlinking: /home/rob/ros2_prarob/install/ros2_prarob/share/ros2_prarob/environment/ament_prefix_path.sh
-- Symlinking: /home/rob/ros2_prarob/install/ros2_prarob/share/ros2_prarob/environment/ament_prefix_path.dsv
-- Symlinking: /home/rob/ros2_prarob/install/ros2_prarob/share/ros2_prarob/environment/path.sh
-- Symlinking: /home/rob/ros2_prarob/install/ros2_prarob/share/ros2_prarob/environment/path.dsv
-- Symlinking: /home/rob/ros2_prarob/install/ros2_prarob/share/ros2_prarob/local_setup.bash
-- Symlinking: /home/rob/ros2_prarob/install/ros2_prarob/share/ros2_prarob/local_setup.sh
-- Symlinking: /home/rob/ros2_prarob/install/ros2_prarob/share/ros2_prarob/local_setup.zsh
-- Symlinking: /home/rob/ros2_prarob/install/ros2_prarob/share/ros2_prarob/local_setup.dsv
-- Symlinking: /home/rob/ros2_prarob/install/ros2_prarob/share/ros2_prarob/package.dsv
-- Symlinking: /home/rob/ros2_prarob/install/ros2_prarob/share/ament_index/resource_index/packages/ros2_prarob
-- Symlinking: /home/rob/ros2_prarob/install/ros2_prarob/share/ros2_prarob/cmake/ros2_prarobConfig.cmake
-- Symlinking: /home/rob/ros2_prarob/install/ros2_prarob/share/ros2_prarob/cmake/ros2_prarobConfig-version.cmake
-- Symlinking: /home/rob/ros2_prarob/install/ros2_prarob/share/ros2_prarob/package.xml
